<!DOCTYPE html PUBLIC "-//W3C//DTD XHTML 1.1//EN" "https://www.w3.org/TR/xhtml11/DTD/xhtml11.dtd">
<html xmlns="https://www.w3.org/1999/xhtml">
<head>
<meta http-equiv="content-type" content="text/html; charset=UTF-8"/>
<title>TestNG Report</title>
<style type="text/css">table {margin-bottom:10px;border-collapse:collapse;empty-cells:show}th,td {border:1px solid #009;padding:.25em .5em}th {vertical-align:bottom}td {vertical-align:top}table a {font-weight:bold}.stripe td {background-color: #E6EBF9}.num {text-align:right}.passedodd td {background-color: #3F3}.passedeven td {background-color: #0A0}.skippedodd td {background-color: #DDD}.skippedeven td {background-color: #CCC}.failedodd td,.attn {background-color: #F33}.failedeven td,.stripe .attn {background-color: #D00}.stacktrace {white-space:pre;font-family:monospace}.totop {font-size:85%;text-align:center;border-bottom:2px solid #000}.invisible {display:none}</style>
</head>
<body>
<table>
<tr><th>Test</th><th># Passed</th><th># Skipped</th><th># Retried</th><th># Failed</th><th>Time (ms)</th><th>Included Groups</th><th>Excluded Groups</th></tr>
<tr><th colspan="8">Suite</th></tr>
<tr><td><a href="#t0">Test</a></td><td class="num">17</td><td class="num attn">17</td><td class="num">0</td><td class="num attn">2</td><td class="num">156,973</td><td></td><td></td></tr>
</table>
<table id='summary'><thead><tr><th>Class</th><th>Method</th><th>Start</th><th>Time (ms)</th></tr></thead><tbody><tr><th colspan="4">Suite</th></tr></tbody><tbody id="t0"><tr><th colspan="4">Test &#8212; failed (configuration methods)</th></tr><tr class="failedeven"><td rowspan="1">StandAlone.Word_File_Full_RegressionTest</td><td><a href="#m0">reporteResu</a></td><td rowspan="1">1604585723082</td><td rowspan="1">249</td></tr><tr><th colspan="4">Test &#8212; failed</th></tr><tr class="failedeven"><td rowspan="1">StandAlone.ARender_Full_Fonction</td><td><a href="#m1">logo_Test</a></td><td rowspan="1">1604585578204</td><td rowspan="1">235</td></tr><tr class="failedodd"><td rowspan="1">StandAlone.Word_File_Full_RegressionTest</td><td><a href="#m2">delete_Anotation_On_word</a></td><td rowspan="1">1604585685876</td><td rowspan="1">37205</td></tr><tr><th colspan="4">Test &#8212; skipped (configuration methods)</th></tr><tr class="skippedeven"><td rowspan="27">StandAlone.Word_File_Full_RegressionTest</td><td><a href="#m3">reporteResu</a></td><td rowspan="13">1604585723369</td><td rowspan="13">-1604585723369</td></tr><tr class="skippedeven"><td><a href="#m4">reporteResu</a></td></tr><tr class="skippedeven"><td><a href="#m5">reporteResu</a></td></tr><tr class="skippedeven"><td><a href="#m6">reporteResu</a></td></tr><tr class="skippedeven"><td><a href="#m7">reporteResu</a></td></tr><tr class="skippedeven"><td><a href="#m8">reporteResu</a></td></tr><tr class="skippedeven"><td><a href="#m9">reporteResu</a></td></tr><tr class="skippedeven"><td><a href="#m10">reporteResu</a></td></tr><tr class="skippedeven"><td><a href="#m11">reporteResu</a></td></tr><tr class="skippedeven"><td><a href="#m12">reporteResu</a></td></tr><tr class="skippedeven"><td><a href="#m13">reporteResu</a></td></tr><tr class="skippedeven"><td><a href="#m14">reporteResu</a></td></tr><tr class="skippedeven"><td><a href="#m15">reporteResu</a></td></tr><tr class="skippedeven"><td><a href="#m16">startReport</a></td><td rowspan="13">1604585723346</td><td rowspan="13">-1604585723346</td></tr><tr class="skippedeven"><td><a href="#m17">startReport</a></td></tr><tr class="skippedeven"><td><a href="#m18">startReport</a></td></tr><tr class="skippedeven"><td><a href="#m19">startReport</a></td></tr><tr class="skippedeven"><td><a href="#m20">startReport</a></td></tr><tr class="skippedeven"><td><a href="#m21">startReport</a></td></tr><tr class="skippedeven"><td><a href="#m22">startReport</a></td></tr><tr class="skippedeven"><td><a href="#m23">startReport</a></td></tr><tr class="skippedeven"><td><a href="#m24">startReport</a></td></tr><tr class="skippedeven"><td><a href="#m25">startReport</a></td></tr><tr class="skippedeven"><td><a href="#m26">startReport</a></td></tr><tr class="skippedeven"><td><a href="#m27">startReport</a></td></tr><tr class="skippedeven"><td><a href="#m28">startReport</a></td></tr><tr class="skippedeven"><td><a href="#m29">tearDown</a></td><td rowspan="1">1604585723387</td><td rowspan="1">-1604585723387</td></tr><tr><th colspan="4">Test &#8212; skipped</th></tr><tr class="skippedeven"><td rowspan="17">StandAlone.Word_File_Full_RegressionTest</td><td><a href="#m30">ADD_AN_ANCRE_On_word</a></td><td rowspan="1">1604585723355</td><td rowspan="1">0</td></tr><tr class="skippedeven"><td><a href="#m31">Activate_Multiview_On_word</a></td><td rowspan="1">1604585723376</td><td rowspan="1">0</td></tr><tr class="skippedeven"><td><a href="#m32">Add_a_Signet_On_word</a></td><td rowspan="1">1604585723347</td><td rowspan="1">0</td></tr><tr class="skippedeven"><td><a href="#m33">Delete_a_Signet_On_word</a></td><td rowspan="1">1604585723353</td><td rowspan="1">0</td></tr><tr class="skippedeven"><td><a href="#m34">Desactivate_Multiview_On_word</a></td><td rowspan="1">1604585723377</td><td rowspan="1">0</td></tr><tr class="skippedeven"><td><a href="#m35">Left_Rotation_Control_On_word</a></td><td rowspan="1">1604585723371</td><td rowspan="1">0</td></tr><tr class="skippedeven"><td><a href="#m36">Multi_Multiview_On_word</a></td><td rowspan="1">1604585723383</td><td rowspan="1">0</td></tr><tr class="skippedeven"><td><a href="#m37">Refresh_After_Delete_Anotation_On_word</a></td><td rowspan="1">1604585723334</td><td rowspan="1">0</td></tr><tr class="skippedeven"><td><a href="#m38">Refresh_After_Save_Anotation_On_word</a></td><td rowspan="1">1604585723345</td><td rowspan="1">0</td></tr><tr class="skippedeven"><td><a href="#m39">Right_Rotation_Control_On_word</a></td><td rowspan="1">1604585723374</td><td rowspan="1">0</td></tr><tr class="skippedeven"><td><a href="#m40">SAVE_DATA_ON_word</a></td><td rowspan="1">1604585723343</td><td rowspan="1">0</td></tr><tr class="skippedeven"><td><a href="#m41">SKIP_AN_ANCRE_On_word</a></td><td rowspan="1">1604585723357</td><td rowspan="1">0</td></tr><tr class="skippedeven"><td><a href="#m42">ZoomInZone_On_word</a></td><td rowspan="1">1604585723363</td><td rowspan="1">0</td></tr><tr class="skippedeven"><td><a href="#m43">ZoomIn_On_word</a></td><td rowspan="1">1604585723359</td><td rowspan="1">0</td></tr><tr class="skippedeven"><td><a href="#m44">ZoomOut_On_word</a></td><td rowspan="1">1604585723361</td><td rowspan="1">0</td></tr><tr class="skippedeven"><td><a href="#m45">Zoom_Adjust_On_word</a></td><td rowspan="1">1604585723365</td><td rowspan="1">0</td></tr><tr class="skippedeven"><td><a href="#m46">Zoom_Text_Box_Control_On_word</a></td><td rowspan="1">1604585723367</td><td rowspan="1">0</td></tr><tr><th colspan="4">Test &#8212; passed</th></tr><tr class="passedeven"><td rowspan="3">StandAlone.ARender_Full_Fonction</td><td><a href="#m47">Brightness_Test</a></td><td rowspan="1">1604585573004</td><td rowspan="1">2119</td></tr><tr class="passedeven"><td><a href="#m48">Fullscreen_Test</a></td><td rowspan="1">1604585577178</td><td rowspan="1">701</td></tr><tr class="passedeven"><td><a href="#m49">Navigation_Button_Test</a></td><td rowspan="1">1604585575505</td><td rowspan="1">1317</td></tr><tr class="passedodd"><td rowspan="14">StandAlone.Word_File_Full_RegressionTest</td><td><a href="#m50">Approved_Stamp_On_word</a></td><td rowspan="1">1604585643471</td><td rowspan="1">32308</td></tr><tr class="passedodd"><td><a href="#m51">Draft_Stamp_On_word</a></td><td rowspan="1">1604585676373</td><td rowspan="1">2595</td></tr><tr class="passedodd"><td><a href="#m52">Free_Stamp_On_word</a></td><td rowspan="1">1604585682576</td><td rowspan="1">2848</td></tr><tr class="passedodd"><td><a href="#m53">Handel_Polygone_On_word</a></td><td rowspan="1">1604585635591</td><td rowspan="1">4174</td></tr><tr class="passedodd"><td><a href="#m54">Handle_Arrow_On_word</a></td><td rowspan="1">1604585606146</td><td rowspan="1">17089</td></tr><tr class="passedodd"><td><a href="#m55">Handle_Circle___On_word</a></td><td rowspan="1">1604585601455</td><td rowspan="1">4293</td></tr><tr class="passedodd"><td><a href="#m56">Handle_FreeText_On_word</a></td><td rowspan="1">1604585598987</td><td rowspan="1">2099</td></tr><tr class="passedodd"><td><a href="#m57">Handle_StickyNote_On_word</a></td><td rowspan="1">1604585595450</td><td rowspan="1">3053</td></tr><tr class="passedodd"><td><a href="#m58">Handle_Underline_On_word</a></td><td rowspan="1">1604585623629</td><td rowspan="1">4511</td></tr><tr class="passedodd"><td><a href="#m59">Handle_freeHand_On_word</a></td><td rowspan="1">1604585628530</td><td rowspan="1">2135</td></tr><tr class="passedodd"><td><a href="#m60">Handle_polyline_On_word</a></td><td rowspan="1">1604585631061</td><td rowspan="1">4115</td></tr><tr class="passedodd"><td><a href="#m61">Signature_Stamp_On_word</a></td><td rowspan="1">1604585679453</td><td rowspan="1">2597</td></tr><tr class="passedodd"><td><a href="#m62">Upload_word_File</a></td><td rowspan="1">1604585589445</td><td rowspan="1">5609</td></tr><tr class="passedodd"><td><a href="#m63">Urgent_Stamp_On_word</a></td><td rowspan="1">1604585640169</td><td rowspan="1">2809</td></tr></tbody>
</table>
<h2>Test</h2><h3 id="m0">StandAlone.Word_File_Full_RegressionTest#reporteResu</h3><table class="result"><tr class="param"><th>Parameter #1</th></tr><tr class="param stripe"><td>[TestResult name=delete_Anotation_On_word status=FAILURE method=Word_File_Full_RegressionTest.delete_Anotation_On_word(java.lang.reflect.Method)[pri:15, instance:StandAlone.Word_File_Full_RegressionTest@1a18644] output={null}]</td></tr><tr><th>Exception</th></tr><tr><td><div class="stacktrace">org.openqa.selenium.UnhandledAlertException: unexpected alert open: &lt;unknown&gt;
  (Session info: chrome=86.0.4240.183): 
Build info: version: &apos;3.141.59&apos;, revision: &apos;e82be7d358&apos;, time: &apos;2018-11-14T08:17:03&apos;
System info: host: &apos;RAJENGUI&apos;, ip: &apos;192.168.93.1&apos;, os.name: &apos;Windows 10&apos;, os.arch: &apos;amd64&apos;, os.version: &apos;10.0&apos;, java.version: &apos;14.0.2&apos;
Driver info: org.openqa.selenium.chrome.ChromeDriver
Capabilities {acceptInsecureCerts: false, browserName: chrome, browserVersion: 86.0.4240.183, chrome: {chromedriverVersion: 85.0.4183.87 (cd6713ebf92fa..., userDataDir: C:\Users\DELL\AppData\Local...}, goog:chromeOptions: {debuggerAddress: localhost:53690}, javascriptEnabled: true, networkConnectionEnabled: false, pageLoadStrategy: normal, platform: WINDOWS, platformName: WINDOWS, proxy: Proxy(), setWindowRect: true, strictFileInteractability: false, timeouts: {implicit: 0, pageLoad: 300000, script: 30000}, unhandledPromptBehavior: dismiss and notify, webauthn:virtualAuthenticators: true}
Session ID: 5d26786ee41dae618c1bbb550e357f78
	at org.openqa.selenium.remote.http.W3CHttpResponseCodec.decode(W3CHttpResponseCodec.java:120)
	at org.openqa.selenium.remote.http.W3CHttpResponseCodec.decode(W3CHttpResponseCodec.java:49)
	at org.openqa.selenium.remote.HttpCommandExecutor.execute(HttpCommandExecutor.java:158)
	at org.openqa.selenium.remote.service.DriverCommandExecutor.execute(DriverCommandExecutor.java:83)
	at org.openqa.selenium.remote.RemoteWebDriver.execute(RemoteWebDriver.java:552)
	at org.openqa.selenium.remote.RemoteWebDriver.execute(RemoteWebDriver.java:609)
	at org.openqa.selenium.remote.RemoteWebDriver.getScreenshotAs(RemoteWebDriver.java:295)
	at org.openqa.selenium.support.events.EventFiringWebDriver.lambda$new$1(EventFiringWebDriver.java:105)
	at com.sun.proxy.$Proxy14.getScreenshotAs(Unknown Source)
	at org.openqa.selenium.support.events.EventFiringWebDriver.getScreenshotAs(EventFiringWebDriver.java:302)
	at pageObject.MediaBase.takesScreenShots(MediaBase.java:25)
	at pageObject.TestBase.reporteResu(TestBase.java:147)
	at java.base/java.util.ArrayList.forEach(ArrayList.java:1511)
... Removed 34 stack frames</div></td></tr></table><p class="totop"><a href="#summary">back to summary</a></p>
<h3 id="m1">StandAlone.ARender_Full_Fonction#logo_Test</h3><table class="result"><tr class="param"><th>Parameter #1</th></tr><tr class="param stripe"><td>public void StandAlone.ARender_Full_Fonction.logo_Test(java.lang.reflect.Method) throws java.lang.InterruptedException</td></tr><tr><th>Exception</th></tr><tr><td><div class="stacktrace">java.lang.AssertionError: ERROR ACCURRED : ARENDER VERSION IS NOT TRUE expected [Version 4.1.1-rc1 - 201020_144655] but found [Version 4.1.1-rc3 - 201028_110038]
	at StandAlone.ARender_Full_Fonction.logo_Test(ARender_Full_Fonction.java:148)
	at java.base/java.util.ArrayList.forEach(ArrayList.java:1511)
... Removed 32 stack frames</div></td></tr></table><p class="totop"><a href="#summary">back to summary</a></p>
<h3 id="m2">StandAlone.Word_File_Full_RegressionTest#delete_Anotation_On_word</h3><table class="result"><tr class="param"><th>Parameter #1</th></tr><tr class="param stripe"><td>public void StandAlone.Word_File_Full_RegressionTest.delete_Anotation_On_word(java.lang.reflect.Method) throws java.lang.InterruptedException</td></tr><tr><th>Exception</th></tr><tr><td><div class="stacktrace">java.lang.AssertionError: ERROR ACCURRED : ANNOTATION ARE DELETED expected [true] but found [false]
	at StandAlone.Word_File_Full_RegressionTest.delete_Anotation_On_word(Word_File_Full_RegressionTest.java:209)
	at java.base/java.util.ArrayList.forEach(ArrayList.java:1511)
... Removed 30 stack frames</div></td></tr></table><p class="totop"><a href="#summary">back to summary</a></p>
<h3 id="m3">StandAlone.Word_File_Full_RegressionTest#reporteResu</h3><table class="result"><tr><th class="invisible"/></tr></table><p class="totop"><a href="#summary">back to summary</a></p>
<h3 id="m4">StandAlone.Word_File_Full_RegressionTest#reporteResu</h3><table class="result"><tr><th class="invisible"/></tr></table><p class="totop"><a href="#summary">back to summary</a></p>
<h3 id="m5">StandAlone.Word_File_Full_RegressionTest#reporteResu</h3><table class="result"><tr><th class="invisible"/></tr></table><p class="totop"><a href="#summary">back to summary</a></p>
<h3 id="m6">StandAlone.Word_File_Full_RegressionTest#reporteResu</h3><table class="result"><tr><th class="invisible"/></tr></table><p class="totop"><a href="#summary">back to summary</a></p>
<h3 id="m7">StandAlone.Word_File_Full_RegressionTest#reporteResu</h3><table class="result"><tr><th class="invisible"/></tr></table><p class="totop"><a href="#summary">back to summary</a></p>
<h3 id="m8">StandAlone.Word_File_Full_RegressionTest#reporteResu</h3><table class="result"><tr><th class="invisible"/></tr></table><p class="totop"><a href="#summary">back to summary</a></p>
<h3 id="m9">StandAlone.Word_File_Full_RegressionTest#reporteResu</h3><table class="result"><tr><th class="invisible"/></tr></table><p class="totop"><a href="#summary">back to summary</a></p>
<h3 id="m10">StandAlone.Word_File_Full_RegressionTest#reporteResu</h3><table class="result"><tr><th class="invisible"/></tr></table><p class="totop"><a href="#summary">back to summary</a></p>
<h3 id="m11">StandAlone.Word_File_Full_RegressionTest#reporteResu</h3><table class="result"><tr><th class="invisible"/></tr></table><p class="totop"><a href="#summary">back to summary</a></p>
<h3 id="m12">StandAlone.Word_File_Full_RegressionTest#reporteResu</h3><table class="result"><tr><th class="invisible"/></tr></table><p class="totop"><a href="#summary">back to summary</a></p>
<h3 id="m13">StandAlone.Word_File_Full_RegressionTest#reporteResu</h3><table class="result"><tr><th class="invisible"/></tr></table><p class="totop"><a href="#summary">back to summary</a></p>
<h3 id="m14">StandAlone.Word_File_Full_RegressionTest#reporteResu</h3><table class="result"><tr><th class="invisible"/></tr></table><p class="totop"><a href="#summary">back to summary</a></p>
<h3 id="m15">StandAlone.Word_File_Full_RegressionTest#reporteResu</h3><table class="result"><tr><th class="invisible"/></tr></table><p class="totop"><a href="#summary">back to summary</a></p>
<h3 id="m16">StandAlone.Word_File_Full_RegressionTest#startReport</h3><table class="result"><tr><th class="invisible"/></tr></table><p class="totop"><a href="#summary">back to summary</a></p>
<h3 id="m17">StandAlone.Word_File_Full_RegressionTest#startReport</h3><table class="result"><tr><th class="invisible"/></tr></table><p class="totop"><a href="#summary">back to summary</a></p>
<h3 id="m18">StandAlone.Word_File_Full_RegressionTest#startReport</h3><table class="result"><tr><th class="invisible"/></tr></table><p class="totop"><a href="#summary">back to summary</a></p>
<h3 id="m19">StandAlone.Word_File_Full_RegressionTest#startReport</h3><table class="result"><tr><th class="invisible"/></tr></table><p class="totop"><a href="#summary">back to summary</a></p>
<h3 id="m20">StandAlone.Word_File_Full_RegressionTest#startReport</h3><table class="result"><tr><th class="invisible"/></tr></table><p class="totop"><a href="#summary">back to summary</a></p>
<h3 id="m21">StandAlone.Word_File_Full_RegressionTest#startReport</h3><table class="result"><tr><th class="invisible"/></tr></table><p class="totop"><a href="#summary">back to summary</a></p>
<h3 id="m22">StandAlone.Word_File_Full_RegressionTest#startReport</h3><table class="result"><tr><th class="invisible"/></tr></table><p class="totop"><a href="#summary">back to summary</a></p>
<h3 id="m23">StandAlone.Word_File_Full_RegressionTest#startReport</h3><table class="result"><tr><th class="invisible"/></tr></table><p class="totop"><a href="#summary">back to summary</a></p>
<h3 id="m24">StandAlone.Word_File_Full_RegressionTest#startReport</h3><table class="result"><tr><th class="invisible"/></tr></table><p class="totop"><a href="#summary">back to summary</a></p>
<h3 id="m25">StandAlone.Word_File_Full_RegressionTest#startReport</h3><table class="result"><tr><th class="invisible"/></tr></table><p class="totop"><a href="#summary">back to summary</a></p>
<h3 id="m26">StandAlone.Word_File_Full_RegressionTest#startReport</h3><table class="result"><tr><th class="invisible"/></tr></table><p class="totop"><a href="#summary">back to summary</a></p>
<h3 id="m27">StandAlone.Word_File_Full_RegressionTest#startReport</h3><table class="result"><tr><th class="invisible"/></tr></table><p class="totop"><a href="#summary">back to summary</a></p>
<h3 id="m28">StandAlone.Word_File_Full_RegressionTest#startReport</h3><table class="result"><tr><th class="invisible"/></tr></table><p class="totop"><a href="#summary">back to summary</a></p>
<h3 id="m29">StandAlone.Word_File_Full_RegressionTest#tearDown</h3><table class="result"><tr><th class="invisible"/></tr></table><p class="totop"><a href="#summary">back to summary</a></p>
<h3 id="m30">StandAlone.Word_File_Full_RegressionTest#ADD_AN_ANCRE_On_word</h3><table class="result"><tr class="param"><th>Parameter #1</th></tr><tr class="param stripe"><td>public void StandAlone.Word_File_Full_RegressionTest.ADD_AN_ANCRE_On_word(java.lang.reflect.Method) throws java.lang.InterruptedException,java.io.IOException</td></tr><tr><th>Exception</th></tr><tr><td><div class="stacktrace">org.openqa.selenium.UnhandledAlertException: unexpected alert open: &lt;unknown&gt;
  (Session info: chrome=86.0.4240.183): 
Build info: version: &apos;3.141.59&apos;, revision: &apos;e82be7d358&apos;, time: &apos;2018-11-14T08:17:03&apos;
System info: host: &apos;RAJENGUI&apos;, ip: &apos;192.168.93.1&apos;, os.name: &apos;Windows 10&apos;, os.arch: &apos;amd64&apos;, os.version: &apos;10.0&apos;, java.version: &apos;14.0.2&apos;
Driver info: org.openqa.selenium.chrome.ChromeDriver
Capabilities {acceptInsecureCerts: false, browserName: chrome, browserVersion: 86.0.4240.183, chrome: {chromedriverVersion: 85.0.4183.87 (cd6713ebf92fa..., userDataDir: C:\Users\DELL\AppData\Local...}, goog:chromeOptions: {debuggerAddress: localhost:53690}, javascriptEnabled: true, networkConnectionEnabled: false, pageLoadStrategy: normal, platform: WINDOWS, platformName: WINDOWS, proxy: Proxy(), setWindowRect: true, strictFileInteractability: false, timeouts: {implicit: 0, pageLoad: 300000, script: 30000}, unhandledPromptBehavior: dismiss and notify, webauthn:virtualAuthenticators: true}
Session ID: 5d26786ee41dae618c1bbb550e357f78
	at org.openqa.selenium.remote.http.W3CHttpResponseCodec.decode(W3CHttpResponseCodec.java:120)
	at org.openqa.selenium.remote.http.W3CHttpResponseCodec.decode(W3CHttpResponseCodec.java:49)
	at org.openqa.selenium.remote.HttpCommandExecutor.execute(HttpCommandExecutor.java:158)
	at org.openqa.selenium.remote.service.DriverCommandExecutor.execute(DriverCommandExecutor.java:83)
	at org.openqa.selenium.remote.RemoteWebDriver.execute(RemoteWebDriver.java:552)
	at org.openqa.selenium.remote.RemoteWebDriver.execute(RemoteWebDriver.java:609)
	at org.openqa.selenium.remote.RemoteWebDriver.getScreenshotAs(RemoteWebDriver.java:295)
	at org.openqa.selenium.support.events.EventFiringWebDriver.lambda$new$1(EventFiringWebDriver.java:105)
	at com.sun.proxy.$Proxy14.getScreenshotAs(Unknown Source)
	at org.openqa.selenium.support.events.EventFiringWebDriver.getScreenshotAs(EventFiringWebDriver.java:302)
	at pageObject.MediaBase.takesScreenShots(MediaBase.java:25)
	at pageObject.TestBase.reporteResu(TestBase.java:147)
	at java.base/java.util.ArrayList.forEach(ArrayList.java:1511)
... Removed 34 stack frames</div></td></tr></table><p class="totop"><a href="#summary">back to summary</a></p>
<h3 id="m31">StandAlone.Word_File_Full_RegressionTest#Activate_Multiview_On_word</h3><table class="result"><tr class="param"><th>Parameter #1</th></tr><tr class="param stripe"><td>public void StandAlone.Word_File_Full_RegressionTest.Activate_Multiview_On_word(java.lang.reflect.Method) throws java.lang.InterruptedException,java.io.IOException</td></tr><tr><th>Exception</th></tr><tr><td><div class="stacktrace">org.openqa.selenium.UnhandledAlertException: unexpected alert open: &lt;unknown&gt;
  (Session info: chrome=86.0.4240.183): 
Build info: version: &apos;3.141.59&apos;, revision: &apos;e82be7d358&apos;, time: &apos;2018-11-14T08:17:03&apos;
System info: host: &apos;RAJENGUI&apos;, ip: &apos;192.168.93.1&apos;, os.name: &apos;Windows 10&apos;, os.arch: &apos;amd64&apos;, os.version: &apos;10.0&apos;, java.version: &apos;14.0.2&apos;
Driver info: org.openqa.selenium.chrome.ChromeDriver
Capabilities {acceptInsecureCerts: false, browserName: chrome, browserVersion: 86.0.4240.183, chrome: {chromedriverVersion: 85.0.4183.87 (cd6713ebf92fa..., userDataDir: C:\Users\DELL\AppData\Local...}, goog:chromeOptions: {debuggerAddress: localhost:53690}, javascriptEnabled: true, networkConnectionEnabled: false, pageLoadStrategy: normal, platform: WINDOWS, platformName: WINDOWS, proxy: Proxy(), setWindowRect: true, strictFileInteractability: false, timeouts: {implicit: 0, pageLoad: 300000, script: 30000}, unhandledPromptBehavior: dismiss and notify, webauthn:virtualAuthenticators: true}
Session ID: 5d26786ee41dae618c1bbb550e357f78
	at org.openqa.selenium.remote.http.W3CHttpResponseCodec.decode(W3CHttpResponseCodec.java:120)
	at org.openqa.selenium.remote.http.W3CHttpResponseCodec.decode(W3CHttpResponseCodec.java:49)
	at org.openqa.selenium.remote.HttpCommandExecutor.execute(HttpCommandExecutor.java:158)
	at org.openqa.selenium.remote.service.DriverCommandExecutor.execute(DriverCommandExecutor.java:83)
	at org.openqa.selenium.remote.RemoteWebDriver.execute(RemoteWebDriver.java:552)
	at org.openqa.selenium.remote.RemoteWebDriver.execute(RemoteWebDriver.java:609)
	at org.openqa.selenium.remote.RemoteWebDriver.getScreenshotAs(RemoteWebDriver.java:295)
	at org.openqa.selenium.support.events.EventFiringWebDriver.lambda$new$1(EventFiringWebDriver.java:105)
	at com.sun.proxy.$Proxy14.getScreenshotAs(Unknown Source)
	at org.openqa.selenium.support.events.EventFiringWebDriver.getScreenshotAs(EventFiringWebDriver.java:302)
	at pageObject.MediaBase.takesScreenShots(MediaBase.java:25)
	at pageObject.TestBase.reporteResu(TestBase.java:147)
	at java.base/java.util.ArrayList.forEach(ArrayList.java:1511)
... Removed 34 stack frames</div></td></tr></table><p class="totop"><a href="#summary">back to summary</a></p>
<h3 id="m32">StandAlone.Word_File_Full_RegressionTest#Add_a_Signet_On_word</h3><table class="result"><tr class="param"><th>Parameter #1</th></tr><tr class="param stripe"><td>public void StandAlone.Word_File_Full_RegressionTest.Add_a_Signet_On_word(java.lang.reflect.Method) throws java.lang.InterruptedException,java.io.IOException</td></tr><tr><th>Exception</th></tr><tr><td><div class="stacktrace">org.openqa.selenium.UnhandledAlertException: unexpected alert open: &lt;unknown&gt;
  (Session info: chrome=86.0.4240.183): 
Build info: version: &apos;3.141.59&apos;, revision: &apos;e82be7d358&apos;, time: &apos;2018-11-14T08:17:03&apos;
System info: host: &apos;RAJENGUI&apos;, ip: &apos;192.168.93.1&apos;, os.name: &apos;Windows 10&apos;, os.arch: &apos;amd64&apos;, os.version: &apos;10.0&apos;, java.version: &apos;14.0.2&apos;
Driver info: org.openqa.selenium.chrome.ChromeDriver
Capabilities {acceptInsecureCerts: false, browserName: chrome, browserVersion: 86.0.4240.183, chrome: {chromedriverVersion: 85.0.4183.87 (cd6713ebf92fa..., userDataDir: C:\Users\DELL\AppData\Local...}, goog:chromeOptions: {debuggerAddress: localhost:53690}, javascriptEnabled: true, networkConnectionEnabled: false, pageLoadStrategy: normal, platform: WINDOWS, platformName: WINDOWS, proxy: Proxy(), setWindowRect: true, strictFileInteractability: false, timeouts: {implicit: 0, pageLoad: 300000, script: 30000}, unhandledPromptBehavior: dismiss and notify, webauthn:virtualAuthenticators: true}
Session ID: 5d26786ee41dae618c1bbb550e357f78
	at org.openqa.selenium.remote.http.W3CHttpResponseCodec.decode(W3CHttpResponseCodec.java:120)
	at org.openqa.selenium.remote.http.W3CHttpResponseCodec.decode(W3CHttpResponseCodec.java:49)
	at org.openqa.selenium.remote.HttpCommandExecutor.execute(HttpCommandExecutor.java:158)
	at org.openqa.selenium.remote.service.DriverCommandExecutor.execute(DriverCommandExecutor.java:83)
	at org.openqa.selenium.remote.RemoteWebDriver.execute(RemoteWebDriver.java:552)
	at org.openqa.selenium.remote.RemoteWebDriver.execute(RemoteWebDriver.java:609)
	at org.openqa.selenium.remote.RemoteWebDriver.getScreenshotAs(RemoteWebDriver.java:295)
	at org.openqa.selenium.support.events.EventFiringWebDriver.lambda$new$1(EventFiringWebDriver.java:105)
	at com.sun.proxy.$Proxy14.getScreenshotAs(Unknown Source)
	at org.openqa.selenium.support.events.EventFiringWebDriver.getScreenshotAs(EventFiringWebDriver.java:302)
	at pageObject.MediaBase.takesScreenShots(MediaBase.java:25)
	at pageObject.TestBase.reporteResu(TestBase.java:147)
	at java.base/java.util.ArrayList.forEach(ArrayList.java:1511)
... Removed 34 stack frames</div></td></tr></table><p class="totop"><a href="#summary">back to summary</a></p>
<h3 id="m33">StandAlone.Word_File_Full_RegressionTest#Delete_a_Signet_On_word</h3><table class="result"><tr><th>Exception</th></tr><tr><td><div class="stacktrace">java.lang.Throwable: Method Word_File_Full_RegressionTest.Delete_a_Signet_On_word(java.lang.reflect.Method)[pri:20, instance:StandAlone.Word_File_Full_RegressionTest@1a18644] depends on not successfully finished methods
	at java.base/java.util.ArrayList.forEach(ArrayList.java:1511)
... Removed 18 stack frames</div></td></tr></table><p class="totop"><a href="#summary">back to summary</a></p>
<h3 id="m34">StandAlone.Word_File_Full_RegressionTest#Desactivate_Multiview_On_word</h3><table class="result"><tr><th>Exception</th></tr><tr><td><div class="stacktrace">java.lang.Throwable: Method Word_File_Full_RegressionTest.Desactivate_Multiview_On_word(java.lang.reflect.Method)[pri:31, instance:StandAlone.Word_File_Full_RegressionTest@1a18644] depends on not successfully finished methods
	at java.base/java.util.ArrayList.forEach(ArrayList.java:1511)
... Removed 18 stack frames</div></td></tr></table><p class="totop"><a href="#summary">back to summary</a></p>
<h3 id="m35">StandAlone.Word_File_Full_RegressionTest#Left_Rotation_Control_On_word</h3><table class="result"><tr class="param"><th>Parameter #1</th></tr><tr class="param stripe"><td>public void StandAlone.Word_File_Full_RegressionTest.Left_Rotation_Control_On_word(java.lang.reflect.Method) throws java.lang.InterruptedException,java.io.IOException</td></tr><tr><th>Exception</th></tr><tr><td><div class="stacktrace">org.openqa.selenium.UnhandledAlertException: unexpected alert open: &lt;unknown&gt;
  (Session info: chrome=86.0.4240.183): 
Build info: version: &apos;3.141.59&apos;, revision: &apos;e82be7d358&apos;, time: &apos;2018-11-14T08:17:03&apos;
System info: host: &apos;RAJENGUI&apos;, ip: &apos;192.168.93.1&apos;, os.name: &apos;Windows 10&apos;, os.arch: &apos;amd64&apos;, os.version: &apos;10.0&apos;, java.version: &apos;14.0.2&apos;
Driver info: org.openqa.selenium.chrome.ChromeDriver
Capabilities {acceptInsecureCerts: false, browserName: chrome, browserVersion: 86.0.4240.183, chrome: {chromedriverVersion: 85.0.4183.87 (cd6713ebf92fa..., userDataDir: C:\Users\DELL\AppData\Local...}, goog:chromeOptions: {debuggerAddress: localhost:53690}, javascriptEnabled: true, networkConnectionEnabled: false, pageLoadStrategy: normal, platform: WINDOWS, platformName: WINDOWS, proxy: Proxy(), setWindowRect: true, strictFileInteractability: false, timeouts: {implicit: 0, pageLoad: 300000, script: 30000}, unhandledPromptBehavior: dismiss and notify, webauthn:virtualAuthenticators: true}
Session ID: 5d26786ee41dae618c1bbb550e357f78
	at org.openqa.selenium.remote.http.W3CHttpResponseCodec.decode(W3CHttpResponseCodec.java:120)
	at org.openqa.selenium.remote.http.W3CHttpResponseCodec.decode(W3CHttpResponseCodec.java:49)
	at org.openqa.selenium.remote.HttpCommandExecutor.execute(HttpCommandExecutor.java:158)
	at org.openqa.selenium.remote.service.DriverCommandExecutor.execute(DriverCommandExecutor.java:83)
	at org.openqa.selenium.remote.RemoteWebDriver.execute(RemoteWebDriver.java:552)
	at org.openqa.selenium.remote.RemoteWebDriver.execute(RemoteWebDriver.java:609)
	at org.openqa.selenium.remote.RemoteWebDriver.getScreenshotAs(RemoteWebDriver.java:295)
	at org.openqa.selenium.support.events.EventFiringWebDriver.lambda$new$1(EventFiringWebDriver.java:105)
	at com.sun.proxy.$Proxy14.getScreenshotAs(Unknown Source)
	at org.openqa.selenium.support.events.EventFiringWebDriver.getScreenshotAs(EventFiringWebDriver.java:302)
	at pageObject.MediaBase.takesScreenShots(MediaBase.java:25)
	at pageObject.TestBase.reporteResu(TestBase.java:147)
	at java.base/java.util.ArrayList.forEach(ArrayList.java:1511)
... Removed 34 stack frames</div></td></tr></table><p class="totop"><a href="#summary">back to summary</a></p>
<h3 id="m36">StandAlone.Word_File_Full_RegressionTest#Multi_Multiview_On_word</h3><table class="result"><tr class="param"><th>Parameter #1</th></tr><tr class="param stripe"><td>public void StandAlone.Word_File_Full_RegressionTest.Multi_Multiview_On_word(java.lang.reflect.Method) throws java.lang.InterruptedException,java.io.IOException</td></tr><tr><th>Exception</th></tr><tr><td><div class="stacktrace">org.openqa.selenium.UnhandledAlertException: unexpected alert open: &lt;unknown&gt;
  (Session info: chrome=86.0.4240.183): 
Build info: version: &apos;3.141.59&apos;, revision: &apos;e82be7d358&apos;, time: &apos;2018-11-14T08:17:03&apos;
System info: host: &apos;RAJENGUI&apos;, ip: &apos;192.168.93.1&apos;, os.name: &apos;Windows 10&apos;, os.arch: &apos;amd64&apos;, os.version: &apos;10.0&apos;, java.version: &apos;14.0.2&apos;
Driver info: org.openqa.selenium.chrome.ChromeDriver
Capabilities {acceptInsecureCerts: false, browserName: chrome, browserVersion: 86.0.4240.183, chrome: {chromedriverVersion: 85.0.4183.87 (cd6713ebf92fa..., userDataDir: C:\Users\DELL\AppData\Local...}, goog:chromeOptions: {debuggerAddress: localhost:53690}, javascriptEnabled: true, networkConnectionEnabled: false, pageLoadStrategy: normal, platform: WINDOWS, platformName: WINDOWS, proxy: Proxy(), setWindowRect: true, strictFileInteractability: false, timeouts: {implicit: 0, pageLoad: 300000, script: 30000}, unhandledPromptBehavior: dismiss and notify, webauthn:virtualAuthenticators: true}
Session ID: 5d26786ee41dae618c1bbb550e357f78
	at org.openqa.selenium.remote.http.W3CHttpResponseCodec.decode(W3CHttpResponseCodec.java:120)
	at org.openqa.selenium.remote.http.W3CHttpResponseCodec.decode(W3CHttpResponseCodec.java:49)
	at org.openqa.selenium.remote.HttpCommandExecutor.execute(HttpCommandExecutor.java:158)
	at org.openqa.selenium.remote.service.DriverCommandExecutor.execute(DriverCommandExecutor.java:83)
	at org.openqa.selenium.remote.RemoteWebDriver.execute(RemoteWebDriver.java:552)
	at org.openqa.selenium.remote.RemoteWebDriver.execute(RemoteWebDriver.java:609)
	at org.openqa.selenium.remote.RemoteWebDriver.getScreenshotAs(RemoteWebDriver.java:295)
	at org.openqa.selenium.support.events.EventFiringWebDriver.lambda$new$1(EventFiringWebDriver.java:105)
	at com.sun.proxy.$Proxy14.getScreenshotAs(Unknown Source)
	at org.openqa.selenium.support.events.EventFiringWebDriver.getScreenshotAs(EventFiringWebDriver.java:302)
	at pageObject.MediaBase.takesScreenShots(MediaBase.java:25)
	at pageObject.TestBase.reporteResu(TestBase.java:147)
	at java.base/java.util.ArrayList.forEach(ArrayList.java:1511)
... Removed 34 stack frames</div></td></tr></table><p class="totop"><a href="#summary">back to summary</a></p>
<h3 id="m37">StandAlone.Word_File_Full_RegressionTest#Refresh_After_Delete_Anotation_On_word</h3><table class="result"><tr><th>Exception</th></tr><tr><td><div class="stacktrace">java.lang.Throwable: Method Word_File_Full_RegressionTest.Refresh_After_Delete_Anotation_On_word(java.lang.reflect.Method)[pri:16, instance:StandAlone.Word_File_Full_RegressionTest@1a18644] depends on not successfully finished methods
	at java.base/java.util.ArrayList.forEach(ArrayList.java:1511)
... Removed 18 stack frames</div></td></tr></table><p class="totop"><a href="#summary">back to summary</a></p>
<h3 id="m38">StandAlone.Word_File_Full_RegressionTest#Refresh_After_Save_Anotation_On_word</h3><table class="result"><tr><th>Exception</th></tr><tr><td><div class="stacktrace">java.lang.Throwable: Method Word_File_Full_RegressionTest.Refresh_After_Save_Anotation_On_word(java.lang.reflect.Method)[pri:18, instance:StandAlone.Word_File_Full_RegressionTest@1a18644] depends on not successfully finished methods
	at java.base/java.util.ArrayList.forEach(ArrayList.java:1511)
... Removed 18 stack frames</div></td></tr></table><p class="totop"><a href="#summary">back to summary</a></p>
<h3 id="m39">StandAlone.Word_File_Full_RegressionTest#Right_Rotation_Control_On_word</h3><table class="result"><tr class="param"><th>Parameter #1</th></tr><tr class="param stripe"><td>public void StandAlone.Word_File_Full_RegressionTest.Right_Rotation_Control_On_word(java.lang.reflect.Method) throws java.lang.InterruptedException,java.io.IOException</td></tr><tr><th>Exception</th></tr><tr><td><div class="stacktrace">org.openqa.selenium.UnhandledAlertException: unexpected alert open: &lt;unknown&gt;
  (Session info: chrome=86.0.4240.183): 
Build info: version: &apos;3.141.59&apos;, revision: &apos;e82be7d358&apos;, time: &apos;2018-11-14T08:17:03&apos;
System info: host: &apos;RAJENGUI&apos;, ip: &apos;192.168.93.1&apos;, os.name: &apos;Windows 10&apos;, os.arch: &apos;amd64&apos;, os.version: &apos;10.0&apos;, java.version: &apos;14.0.2&apos;
Driver info: org.openqa.selenium.chrome.ChromeDriver
Capabilities {acceptInsecureCerts: false, browserName: chrome, browserVersion: 86.0.4240.183, chrome: {chromedriverVersion: 85.0.4183.87 (cd6713ebf92fa..., userDataDir: C:\Users\DELL\AppData\Local...}, goog:chromeOptions: {debuggerAddress: localhost:53690}, javascriptEnabled: true, networkConnectionEnabled: false, pageLoadStrategy: normal, platform: WINDOWS, platformName: WINDOWS, proxy: Proxy(), setWindowRect: true, strictFileInteractability: false, timeouts: {implicit: 0, pageLoad: 300000, script: 30000}, unhandledPromptBehavior: dismiss and notify, webauthn:virtualAuthenticators: true}
Session ID: 5d26786ee41dae618c1bbb550e357f78
	at org.openqa.selenium.remote.http.W3CHttpResponseCodec.decode(W3CHttpResponseCodec.java:120)
	at org.openqa.selenium.remote.http.W3CHttpResponseCodec.decode(W3CHttpResponseCodec.java:49)
	at org.openqa.selenium.remote.HttpCommandExecutor.execute(HttpCommandExecutor.java:158)
	at org.openqa.selenium.remote.service.DriverCommandExecutor.execute(DriverCommandExecutor.java:83)
	at org.openqa.selenium.remote.RemoteWebDriver.execute(RemoteWebDriver.java:552)
	at org.openqa.selenium.remote.RemoteWebDriver.execute(RemoteWebDriver.java:609)
	at org.openqa.selenium.remote.RemoteWebDriver.getScreenshotAs(RemoteWebDriver.java:295)
	at org.openqa.selenium.support.events.EventFiringWebDriver.lambda$new$1(EventFiringWebDriver.java:105)
	at com.sun.proxy.$Proxy14.getScreenshotAs(Unknown Source)
	at org.openqa.selenium.support.events.EventFiringWebDriver.getScreenshotAs(EventFiringWebDriver.java:302)
	at pageObject.MediaBase.takesScreenShots(MediaBase.java:25)
	at pageObject.TestBase.reporteResu(TestBase.java:147)
	at java.base/java.util.ArrayList.forEach(ArrayList.java:1511)
... Removed 34 stack frames</div></td></tr></table><p class="totop"><a href="#summary">back to summary</a></p>
<h3 id="m40">StandAlone.Word_File_Full_RegressionTest#SAVE_DATA_ON_word</h3><table class="result"><tr class="param"><th>Parameter #1</th></tr><tr class="param stripe"><td>public void StandAlone.Word_File_Full_RegressionTest.SAVE_DATA_ON_word(java.lang.reflect.Method) throws java.lang.InterruptedException</td></tr><tr><th>Exception</th></tr><tr><td><div class="stacktrace">org.openqa.selenium.UnhandledAlertException: unexpected alert open: &lt;unknown&gt;
  (Session info: chrome=86.0.4240.183): 
Build info: version: &apos;3.141.59&apos;, revision: &apos;e82be7d358&apos;, time: &apos;2018-11-14T08:17:03&apos;
System info: host: &apos;RAJENGUI&apos;, ip: &apos;192.168.93.1&apos;, os.name: &apos;Windows 10&apos;, os.arch: &apos;amd64&apos;, os.version: &apos;10.0&apos;, java.version: &apos;14.0.2&apos;
Driver info: org.openqa.selenium.chrome.ChromeDriver
Capabilities {acceptInsecureCerts: false, browserName: chrome, browserVersion: 86.0.4240.183, chrome: {chromedriverVersion: 85.0.4183.87 (cd6713ebf92fa..., userDataDir: C:\Users\DELL\AppData\Local...}, goog:chromeOptions: {debuggerAddress: localhost:53690}, javascriptEnabled: true, networkConnectionEnabled: false, pageLoadStrategy: normal, platform: WINDOWS, platformName: WINDOWS, proxy: Proxy(), setWindowRect: true, strictFileInteractability: false, timeouts: {implicit: 0, pageLoad: 300000, script: 30000}, unhandledPromptBehavior: dismiss and notify, webauthn:virtualAuthenticators: true}
Session ID: 5d26786ee41dae618c1bbb550e357f78
	at org.openqa.selenium.remote.http.W3CHttpResponseCodec.decode(W3CHttpResponseCodec.java:120)
	at org.openqa.selenium.remote.http.W3CHttpResponseCodec.decode(W3CHttpResponseCodec.java:49)
	at org.openqa.selenium.remote.HttpCommandExecutor.execute(HttpCommandExecutor.java:158)
	at org.openqa.selenium.remote.service.DriverCommandExecutor.execute(DriverCommandExecutor.java:83)
	at org.openqa.selenium.remote.RemoteWebDriver.execute(RemoteWebDriver.java:552)
	at org.openqa.selenium.remote.RemoteWebDriver.execute(RemoteWebDriver.java:609)
	at org.openqa.selenium.remote.RemoteWebDriver.getScreenshotAs(RemoteWebDriver.java:295)
	at org.openqa.selenium.support.events.EventFiringWebDriver.lambda$new$1(EventFiringWebDriver.java:105)
	at com.sun.proxy.$Proxy14.getScreenshotAs(Unknown Source)
	at org.openqa.selenium.support.events.EventFiringWebDriver.getScreenshotAs(EventFiringWebDriver.java:302)
	at pageObject.MediaBase.takesScreenShots(MediaBase.java:25)
	at pageObject.TestBase.reporteResu(TestBase.java:147)
	at java.base/java.util.ArrayList.forEach(ArrayList.java:1511)
... Removed 34 stack frames</div></td></tr></table><p class="totop"><a href="#summary">back to summary</a></p>
<h3 id="m41">StandAlone.Word_File_Full_RegressionTest#SKIP_AN_ANCRE_On_word</h3><table class="result"><tr class="param"><th>Parameter #1</th></tr><tr class="param stripe"><td>public void StandAlone.Word_File_Full_RegressionTest.SKIP_AN_ANCRE_On_word(java.lang.reflect.Method) throws java.lang.InterruptedException,java.io.IOException</td></tr><tr><th>Exception</th></tr><tr><td><div class="stacktrace">org.openqa.selenium.UnhandledAlertException: unexpected alert open: &lt;unknown&gt;
  (Session info: chrome=86.0.4240.183): 
Build info: version: &apos;3.141.59&apos;, revision: &apos;e82be7d358&apos;, time: &apos;2018-11-14T08:17:03&apos;
System info: host: &apos;RAJENGUI&apos;, ip: &apos;192.168.93.1&apos;, os.name: &apos;Windows 10&apos;, os.arch: &apos;amd64&apos;, os.version: &apos;10.0&apos;, java.version: &apos;14.0.2&apos;
Driver info: org.openqa.selenium.chrome.ChromeDriver
Capabilities {acceptInsecureCerts: false, browserName: chrome, browserVersion: 86.0.4240.183, chrome: {chromedriverVersion: 85.0.4183.87 (cd6713ebf92fa..., userDataDir: C:\Users\DELL\AppData\Local...}, goog:chromeOptions: {debuggerAddress: localhost:53690}, javascriptEnabled: true, networkConnectionEnabled: false, pageLoadStrategy: normal, platform: WINDOWS, platformName: WINDOWS, proxy: Proxy(), setWindowRect: true, strictFileInteractability: false, timeouts: {implicit: 0, pageLoad: 300000, script: 30000}, unhandledPromptBehavior: dismiss and notify, webauthn:virtualAuthenticators: true}
Session ID: 5d26786ee41dae618c1bbb550e357f78
	at org.openqa.selenium.remote.http.W3CHttpResponseCodec.decode(W3CHttpResponseCodec.java:120)
	at org.openqa.selenium.remote.http.W3CHttpResponseCodec.decode(W3CHttpResponseCodec.java:49)
	at org.openqa.selenium.remote.HttpCommandExecutor.execute(HttpCommandExecutor.java:158)
	at org.openqa.selenium.remote.service.DriverCommandExecutor.execute(DriverCommandExecutor.java:83)
	at org.openqa.selenium.remote.RemoteWebDriver.execute(RemoteWebDriver.java:552)
	at org.openqa.selenium.remote.RemoteWebDriver.execute(RemoteWebDriver.java:609)
	at org.openqa.selenium.remote.RemoteWebDriver.getScreenshotAs(RemoteWebDriver.java:295)
	at org.openqa.selenium.support.events.EventFiringWebDriver.lambda$new$1(EventFiringWebDriver.java:105)
	at com.sun.proxy.$Proxy14.getScreenshotAs(Unknown Source)
	at org.openqa.selenium.support.events.EventFiringWebDriver.getScreenshotAs(EventFiringWebDriver.java:302)
	at pageObject.MediaBase.takesScreenShots(MediaBase.java:25)
	at pageObject.TestBase.reporteResu(TestBase.java:147)
	at java.base/java.util.ArrayList.forEach(ArrayList.java:1511)
... Removed 34 stack frames</div></td></tr></table><p class="totop"><a href="#summary">back to summary</a></p>
<h3 id="m42">StandAlone.Word_File_Full_RegressionTest#ZoomInZone_On_word</h3><table class="result"><tr class="param"><th>Parameter #1</th></tr><tr class="param stripe"><td>public void StandAlone.Word_File_Full_RegressionTest.ZoomInZone_On_word(java.lang.reflect.Method) throws java.lang.InterruptedException,java.io.IOException</td></tr><tr><th>Exception</th></tr><tr><td><div class="stacktrace">org.openqa.selenium.UnhandledAlertException: unexpected alert open: &lt;unknown&gt;
  (Session info: chrome=86.0.4240.183): 
Build info: version: &apos;3.141.59&apos;, revision: &apos;e82be7d358&apos;, time: &apos;2018-11-14T08:17:03&apos;
System info: host: &apos;RAJENGUI&apos;, ip: &apos;192.168.93.1&apos;, os.name: &apos;Windows 10&apos;, os.arch: &apos;amd64&apos;, os.version: &apos;10.0&apos;, java.version: &apos;14.0.2&apos;
Driver info: org.openqa.selenium.chrome.ChromeDriver
Capabilities {acceptInsecureCerts: false, browserName: chrome, browserVersion: 86.0.4240.183, chrome: {chromedriverVersion: 85.0.4183.87 (cd6713ebf92fa..., userDataDir: C:\Users\DELL\AppData\Local...}, goog:chromeOptions: {debuggerAddress: localhost:53690}, javascriptEnabled: true, networkConnectionEnabled: false, pageLoadStrategy: normal, platform: WINDOWS, platformName: WINDOWS, proxy: Proxy(), setWindowRect: true, strictFileInteractability: false, timeouts: {implicit: 0, pageLoad: 300000, script: 30000}, unhandledPromptBehavior: dismiss and notify, webauthn:virtualAuthenticators: true}
Session ID: 5d26786ee41dae618c1bbb550e357f78
	at org.openqa.selenium.remote.http.W3CHttpResponseCodec.decode(W3CHttpResponseCodec.java:120)
	at org.openqa.selenium.remote.http.W3CHttpResponseCodec.decode(W3CHttpResponseCodec.java:49)
	at org.openqa.selenium.remote.HttpCommandExecutor.execute(HttpCommandExecutor.java:158)
	at org.openqa.selenium.remote.service.DriverCommandExecutor.execute(DriverCommandExecutor.java:83)
	at org.openqa.selenium.remote.RemoteWebDriver.execute(RemoteWebDriver.java:552)
	at org.openqa.selenium.remote.RemoteWebDriver.execute(RemoteWebDriver.java:609)
	at org.openqa.selenium.remote.RemoteWebDriver.getScreenshotAs(RemoteWebDriver.java:295)
	at org.openqa.selenium.support.events.EventFiringWebDriver.lambda$new$1(EventFiringWebDriver.java:105)
	at com.sun.proxy.$Proxy14.getScreenshotAs(Unknown Source)
	at org.openqa.selenium.support.events.EventFiringWebDriver.getScreenshotAs(EventFiringWebDriver.java:302)
	at pageObject.MediaBase.takesScreenShots(MediaBase.java:25)
	at pageObject.TestBase.reporteResu(TestBase.java:147)
	at java.base/java.util.ArrayList.forEach(ArrayList.java:1511)
... Removed 34 stack frames</div></td></tr></table><p class="totop"><a href="#summary">back to summary</a></p>
<h3 id="m43">StandAlone.Word_File_Full_RegressionTest#ZoomIn_On_word</h3><table class="result"><tr class="param"><th>Parameter #1</th></tr><tr class="param stripe"><td>public void StandAlone.Word_File_Full_RegressionTest.ZoomIn_On_word(java.lang.reflect.Method) throws java.lang.InterruptedException,java.io.IOException</td></tr><tr><th>Exception</th></tr><tr><td><div class="stacktrace">org.openqa.selenium.UnhandledAlertException: unexpected alert open: &lt;unknown&gt;
  (Session info: chrome=86.0.4240.183): 
Build info: version: &apos;3.141.59&apos;, revision: &apos;e82be7d358&apos;, time: &apos;2018-11-14T08:17:03&apos;
System info: host: &apos;RAJENGUI&apos;, ip: &apos;192.168.93.1&apos;, os.name: &apos;Windows 10&apos;, os.arch: &apos;amd64&apos;, os.version: &apos;10.0&apos;, java.version: &apos;14.0.2&apos;
Driver info: org.openqa.selenium.chrome.ChromeDriver
Capabilities {acceptInsecureCerts: false, browserName: chrome, browserVersion: 86.0.4240.183, chrome: {chromedriverVersion: 85.0.4183.87 (cd6713ebf92fa..., userDataDir: C:\Users\DELL\AppData\Local...}, goog:chromeOptions: {debuggerAddress: localhost:53690}, javascriptEnabled: true, networkConnectionEnabled: false, pageLoadStrategy: normal, platform: WINDOWS, platformName: WINDOWS, proxy: Proxy(), setWindowRect: true, strictFileInteractability: false, timeouts: {implicit: 0, pageLoad: 300000, script: 30000}, unhandledPromptBehavior: dismiss and notify, webauthn:virtualAuthenticators: true}
Session ID: 5d26786ee41dae618c1bbb550e357f78
	at org.openqa.selenium.remote.http.W3CHttpResponseCodec.decode(W3CHttpResponseCodec.java:120)
	at org.openqa.selenium.remote.http.W3CHttpResponseCodec.decode(W3CHttpResponseCodec.java:49)
	at org.openqa.selenium.remote.HttpCommandExecutor.execute(HttpCommandExecutor.java:158)
	at org.openqa.selenium.remote.service.DriverCommandExecutor.execute(DriverCommandExecutor.java:83)
	at org.openqa.selenium.remote.RemoteWebDriver.execute(RemoteWebDriver.java:552)
	at org.openqa.selenium.remote.RemoteWebDriver.execute(RemoteWebDriver.java:609)
	at org.openqa.selenium.remote.RemoteWebDriver.getScreenshotAs(RemoteWebDriver.java:295)
	at org.openqa.selenium.support.events.EventFiringWebDriver.lambda$new$1(EventFiringWebDriver.java:105)
	at com.sun.proxy.$Proxy14.getScreenshotAs(Unknown Source)
	at org.openqa.selenium.support.events.EventFiringWebDriver.getScreenshotAs(EventFiringWebDriver.java:302)
	at pageObject.MediaBase.takesScreenShots(MediaBase.java:25)
	at pageObject.TestBase.reporteResu(TestBase.java:147)
	at java.base/java.util.ArrayList.forEach(ArrayList.java:1511)
... Removed 34 stack frames</div></td></tr></table><p class="totop"><a href="#summary">back to summary</a></p>
<h3 id="m44">StandAlone.Word_File_Full_RegressionTest#ZoomOut_On_word</h3><table class="result"><tr class="param"><th>Parameter #1</th></tr><tr class="param stripe"><td>public void StandAlone.Word_File_Full_RegressionTest.ZoomOut_On_word(java.lang.reflect.Method) throws java.lang.InterruptedException,java.io.IOException</td></tr><tr><th>Exception</th></tr><tr><td><div class="stacktrace">org.openqa.selenium.UnhandledAlertException: unexpected alert open: &lt;unknown&gt;
  (Session info: chrome=86.0.4240.183): 
Build info: version: &apos;3.141.59&apos;, revision: &apos;e82be7d358&apos;, time: &apos;2018-11-14T08:17:03&apos;
System info: host: &apos;RAJENGUI&apos;, ip: &apos;192.168.93.1&apos;, os.name: &apos;Windows 10&apos;, os.arch: &apos;amd64&apos;, os.version: &apos;10.0&apos;, java.version: &apos;14.0.2&apos;
Driver info: org.openqa.selenium.chrome.ChromeDriver
Capabilities {acceptInsecureCerts: false, browserName: chrome, browserVersion: 86.0.4240.183, chrome: {chromedriverVersion: 85.0.4183.87 (cd6713ebf92fa..., userDataDir: C:\Users\DELL\AppData\Local...}, goog:chromeOptions: {debuggerAddress: localhost:53690}, javascriptEnabled: true, networkConnectionEnabled: false, pageLoadStrategy: normal, platform: WINDOWS, platformName: WINDOWS, proxy: Proxy(), setWindowRect: true, strictFileInteractability: false, timeouts: {implicit: 0, pageLoad: 300000, script: 30000}, unhandledPromptBehavior: dismiss and notify, webauthn:virtualAuthenticators: true}
Session ID: 5d26786ee41dae618c1bbb550e357f78
	at org.openqa.selenium.remote.http.W3CHttpResponseCodec.decode(W3CHttpResponseCodec.java:120)
	at org.openqa.selenium.remote.http.W3CHttpResponseCodec.decode(W3CHttpResponseCodec.java:49)
	at org.openqa.selenium.remote.HttpCommandExecutor.execute(HttpCommandExecutor.java:158)
	at org.openqa.selenium.remote.service.DriverCommandExecutor.execute(DriverCommandExecutor.java:83)
	at org.openqa.selenium.remote.RemoteWebDriver.execute(RemoteWebDriver.java:552)
	at org.openqa.selenium.remote.RemoteWebDriver.execute(RemoteWebDriver.java:609)
	at org.openqa.selenium.remote.RemoteWebDriver.getScreenshotAs(RemoteWebDriver.java:295)
	at org.openqa.selenium.support.events.EventFiringWebDriver.lambda$new$1(EventFiringWebDriver.java:105)
	at com.sun.proxy.$Proxy14.getScreenshotAs(Unknown Source)
	at org.openqa.selenium.support.events.EventFiringWebDriver.getScreenshotAs(EventFiringWebDriver.java:302)
	at pageObject.MediaBase.takesScreenShots(MediaBase.java:25)
	at pageObject.TestBase.reporteResu(TestBase.java:147)
	at java.base/java.util.ArrayList.forEach(ArrayList.java:1511)
... Removed 34 stack frames</div></td></tr></table><p class="totop"><a href="#summary">back to summary</a></p>
<h3 id="m45">StandAlone.Word_File_Full_RegressionTest#Zoom_Adjust_On_word</h3><table class="result"><tr class="param"><th>Parameter #1</th></tr><tr class="param stripe"><td>public void StandAlone.Word_File_Full_RegressionTest.Zoom_Adjust_On_word(java.lang.reflect.Method) throws java.lang.InterruptedException,java.io.IOException</td></tr><tr><th>Exception</th></tr><tr><td><div class="stacktrace">org.openqa.selenium.UnhandledAlertException: unexpected alert open: &lt;unknown&gt;
  (Session info: chrome=86.0.4240.183): 
Build info: version: &apos;3.141.59&apos;, revision: &apos;e82be7d358&apos;, time: &apos;2018-11-14T08:17:03&apos;
System info: host: &apos;RAJENGUI&apos;, ip: &apos;192.168.93.1&apos;, os.name: &apos;Windows 10&apos;, os.arch: &apos;amd64&apos;, os.version: &apos;10.0&apos;, java.version: &apos;14.0.2&apos;
Driver info: org.openqa.selenium.chrome.ChromeDriver
Capabilities {acceptInsecureCerts: false, browserName: chrome, browserVersion: 86.0.4240.183, chrome: {chromedriverVersion: 85.0.4183.87 (cd6713ebf92fa..., userDataDir: C:\Users\DELL\AppData\Local...}, goog:chromeOptions: {debuggerAddress: localhost:53690}, javascriptEnabled: true, networkConnectionEnabled: false, pageLoadStrategy: normal, platform: WINDOWS, platformName: WINDOWS, proxy: Proxy(), setWindowRect: true, strictFileInteractability: false, timeouts: {implicit: 0, pageLoad: 300000, script: 30000}, unhandledPromptBehavior: dismiss and notify, webauthn:virtualAuthenticators: true}
Session ID: 5d26786ee41dae618c1bbb550e357f78
	at org.openqa.selenium.remote.http.W3CHttpResponseCodec.decode(W3CHttpResponseCodec.java:120)
	at org.openqa.selenium.remote.http.W3CHttpResponseCodec.decode(W3CHttpResponseCodec.java:49)
	at org.openqa.selenium.remote.HttpCommandExecutor.execute(HttpCommandExecutor.java:158)
	at org.openqa.selenium.remote.service.DriverCommandExecutor.execute(DriverCommandExecutor.java:83)
	at org.openqa.selenium.remote.RemoteWebDriver.execute(RemoteWebDriver.java:552)
	at org.openqa.selenium.remote.RemoteWebDriver.execute(RemoteWebDriver.java:609)
	at org.openqa.selenium.remote.RemoteWebDriver.getScreenshotAs(RemoteWebDriver.java:295)
	at org.openqa.selenium.support.events.EventFiringWebDriver.lambda$new$1(EventFiringWebDriver.java:105)
	at com.sun.proxy.$Proxy14.getScreenshotAs(Unknown Source)
	at org.openqa.selenium.support.events.EventFiringWebDriver.getScreenshotAs(EventFiringWebDriver.java:302)
	at pageObject.MediaBase.takesScreenShots(MediaBase.java:25)
	at pageObject.TestBase.reporteResu(TestBase.java:147)
	at java.base/java.util.ArrayList.forEach(ArrayList.java:1511)
... Removed 34 stack frames</div></td></tr></table><p class="totop"><a href="#summary">back to summary</a></p>
<h3 id="m46">StandAlone.Word_File_Full_RegressionTest#Zoom_Text_Box_Control_On_word</h3><table class="result"><tr class="param"><th>Parameter #1</th></tr><tr class="param stripe"><td>public void StandAlone.Word_File_Full_RegressionTest.Zoom_Text_Box_Control_On_word(java.lang.reflect.Method) throws java.lang.InterruptedException,java.io.IOException</td></tr><tr><th>Exception</th></tr><tr><td><div class="stacktrace">org.openqa.selenium.UnhandledAlertException: unexpected alert open: &lt;unknown&gt;
  (Session info: chrome=86.0.4240.183): 
Build info: version: &apos;3.141.59&apos;, revision: &apos;e82be7d358&apos;, time: &apos;2018-11-14T08:17:03&apos;
System info: host: &apos;RAJENGUI&apos;, ip: &apos;192.168.93.1&apos;, os.name: &apos;Windows 10&apos;, os.arch: &apos;amd64&apos;, os.version: &apos;10.0&apos;, java.version: &apos;14.0.2&apos;
Driver info: org.openqa.selenium.chrome.ChromeDriver
Capabilities {acceptInsecureCerts: false, browserName: chrome, browserVersion: 86.0.4240.183, chrome: {chromedriverVersion: 85.0.4183.87 (cd6713ebf92fa..., userDataDir: C:\Users\DELL\AppData\Local...}, goog:chromeOptions: {debuggerAddress: localhost:53690}, javascriptEnabled: true, networkConnectionEnabled: false, pageLoadStrategy: normal, platform: WINDOWS, platformName: WINDOWS, proxy: Proxy(), setWindowRect: true, strictFileInteractability: false, timeouts: {implicit: 0, pageLoad: 300000, script: 30000}, unhandledPromptBehavior: dismiss and notify, webauthn:virtualAuthenticators: true}
Session ID: 5d26786ee41dae618c1bbb550e357f78
	at org.openqa.selenium.remote.http.W3CHttpResponseCodec.decode(W3CHttpResponseCodec.java:120)
	at org.openqa.selenium.remote.http.W3CHttpResponseCodec.decode(W3CHttpResponseCodec.java:49)
	at org.openqa.selenium.remote.HttpCommandExecutor.execute(HttpCommandExecutor.java:158)
	at org.openqa.selenium.remote.service.DriverCommandExecutor.execute(DriverCommandExecutor.java:83)
	at org.openqa.selenium.remote.RemoteWebDriver.execute(RemoteWebDriver.java:552)
	at org.openqa.selenium.remote.RemoteWebDriver.execute(RemoteWebDriver.java:609)
	at org.openqa.selenium.remote.RemoteWebDriver.getScreenshotAs(RemoteWebDriver.java:295)
	at org.openqa.selenium.support.events.EventFiringWebDriver.lambda$new$1(EventFiringWebDriver.java:105)
	at com.sun.proxy.$Proxy14.getScreenshotAs(Unknown Source)
	at org.openqa.selenium.support.events.EventFiringWebDriver.getScreenshotAs(EventFiringWebDriver.java:302)
	at pageObject.MediaBase.takesScreenShots(MediaBase.java:25)
	at pageObject.TestBase.reporteResu(TestBase.java:147)
	at java.base/java.util.ArrayList.forEach(ArrayList.java:1511)
... Removed 34 stack frames</div></td></tr></table><p class="totop"><a href="#summary">back to summary</a></p>
<h3 id="m47">StandAlone.ARender_Full_Fonction#Brightness_Test</h3><table class="result"><tr class="param"><th>Parameter #1</th></tr><tr class="param stripe"><td>public void StandAlone.ARender_Full_Fonction.Brightness_Test(java.lang.reflect.Method) throws java.lang.InterruptedException,java.awt.AWTException</td></tr></table><p class="totop"><a href="#summary">back to summary</a></p>
<h3 id="m48">StandAlone.ARender_Full_Fonction#Fullscreen_Test</h3><table class="result"><tr class="param"><th>Parameter #1</th></tr><tr class="param stripe"><td>public void StandAlone.ARender_Full_Fonction.Fullscreen_Test(java.lang.reflect.Method) throws java.lang.InterruptedException</td></tr></table><p class="totop"><a href="#summary">back to summary</a></p>
<h3 id="m49">StandAlone.ARender_Full_Fonction#Navigation_Button_Test</h3><table class="result"><tr class="param"><th>Parameter #1</th></tr><tr class="param stripe"><td>public void StandAlone.ARender_Full_Fonction.Navigation_Button_Test(java.lang.reflect.Method) throws java.lang.InterruptedException</td></tr></table><p class="totop"><a href="#summary">back to summary</a></p>
<h3 id="m50">StandAlone.Word_File_Full_RegressionTest#Approved_Stamp_On_word</h3><table class="result"><tr><th class="invisible"/></tr></table><p class="totop"><a href="#summary">back to summary</a></p>
<h3 id="m51">StandAlone.Word_File_Full_RegressionTest#Draft_Stamp_On_word</h3><table class="result"><tr><th class="invisible"/></tr></table><p class="totop"><a href="#summary">back to summary</a></p>
<h3 id="m52">StandAlone.Word_File_Full_RegressionTest#Free_Stamp_On_word</h3><table class="result"><tr><th class="invisible"/></tr></table><p class="totop"><a href="#summary">back to summary</a></p>
<h3 id="m53">StandAlone.Word_File_Full_RegressionTest#Handel_Polygone_On_word</h3><table class="result"><tr class="param"><th>Parameter #1</th></tr><tr class="param stripe"><td>public void StandAlone.Word_File_Full_RegressionTest.Handel_Polygone_On_word(java.lang.reflect.Method) throws java.lang.InterruptedException</td></tr></table><p class="totop"><a href="#summary">back to summary</a></p>
<h3 id="m54">StandAlone.Word_File_Full_RegressionTest#Handle_Arrow_On_word</h3><table class="result"><tr class="param"><th>Parameter #1</th></tr><tr class="param stripe"><td>public void StandAlone.Word_File_Full_RegressionTest.Handle_Arrow_On_word(java.lang.reflect.Method) throws java.lang.InterruptedException</td></tr></table><p class="totop"><a href="#summary">back to summary</a></p>
<h3 id="m55">StandAlone.Word_File_Full_RegressionTest#Handle_Circle___On_word</h3><table class="result"><tr class="param"><th>Parameter #1</th></tr><tr class="param stripe"><td>public void StandAlone.Word_File_Full_RegressionTest.Handle_Circle___On_word(java.lang.reflect.Method) throws java.lang.InterruptedException</td></tr></table><p class="totop"><a href="#summary">back to summary</a></p>
<h3 id="m56">StandAlone.Word_File_Full_RegressionTest#Handle_FreeText_On_word</h3><table class="result"><tr class="param"><th>Parameter #1</th></tr><tr class="param stripe"><td>public void StandAlone.Word_File_Full_RegressionTest.Handle_FreeText_On_word(java.lang.reflect.Method) throws java.lang.InterruptedException</td></tr></table><p class="totop"><a href="#summary">back to summary</a></p>
<h3 id="m57">StandAlone.Word_File_Full_RegressionTest#Handle_StickyNote_On_word</h3><table class="result"><tr class="param"><th>Parameter #1</th></tr><tr class="param stripe"><td>public void StandAlone.Word_File_Full_RegressionTest.Handle_StickyNote_On_word(java.lang.reflect.Method) throws java.lang.InterruptedException</td></tr></table><p class="totop"><a href="#summary">back to summary</a></p>
<h3 id="m58">StandAlone.Word_File_Full_RegressionTest#Handle_Underline_On_word</h3><table class="result"><tr class="param"><th>Parameter #1</th></tr><tr class="param stripe"><td>public void StandAlone.Word_File_Full_RegressionTest.Handle_Underline_On_word(java.lang.reflect.Method) throws java.lang.InterruptedException</td></tr></table><p class="totop"><a href="#summary">back to summary</a></p>
<h3 id="m59">StandAlone.Word_File_Full_RegressionTest#Handle_freeHand_On_word</h3><table class="result"><tr class="param"><th>Parameter #1</th></tr><tr class="param stripe"><td>public void StandAlone.Word_File_Full_RegressionTest.Handle_freeHand_On_word(java.lang.reflect.Method) throws java.lang.InterruptedException</td></tr></table><p class="totop"><a href="#summary">back to summary</a></p>
<h3 id="m60">StandAlone.Word_File_Full_RegressionTest#Handle_polyline_On_word</h3><table class="result"><tr class="param"><th>Parameter #1</th></tr><tr class="param stripe"><td>public void StandAlone.Word_File_Full_RegressionTest.Handle_polyline_On_word(java.lang.reflect.Method) throws java.lang.InterruptedException</td></tr></table><p class="totop"><a href="#summary">back to summary</a></p>
<h3 id="m61">StandAlone.Word_File_Full_RegressionTest#Signature_Stamp_On_word</h3><table class="result"><tr><th class="invisible"/></tr></table><p class="totop"><a href="#summary">back to summary</a></p>
<h3 id="m62">StandAlone.Word_File_Full_RegressionTest#Upload_word_File</h3><table class="result"><tr class="param"><th>Parameter #1</th></tr><tr class="param stripe"><td>public void StandAlone.Word_File_Full_RegressionTest.Upload_word_File(java.lang.reflect.Method) throws java.lang.InterruptedException,java.io.IOException</td></tr></table><p class="totop"><a href="#summary">back to summary</a></p>
<h3 id="m63">StandAlone.Word_File_Full_RegressionTest#Urgent_Stamp_On_word</h3><table class="result"><tr><th class="invisible"/></tr></table><p class="totop"><a href="#summary">back to summary</a></p>
</body>
</html>
