<?xml version="1.0" encoding="UTF-8"?>
<!-- Generated by org.testng.reporters.JUnitXMLReporter -->
<testsuite hostname="Hichem" ignored="0" name="Default test" tests="32" failures="0" timestamp="2020-11-04T09:27:10 WAT" time="186.503" errors="0">
  <testcase name="@AfterMethod reporteResu" time="0.051" classname="pageObject.TestBase">
    <failure type="org.openqa.selenium.UnhandledAlertException" message="unexpected alert open: &amp;lt;unknown&amp;gt;
  (Session info: chrome=86.0.4240.183): 
Build info: version: &amp;apos;3.141.59&amp;apos;, revision: &amp;apos;e82be7d358&amp;apos;, time: &amp;apos;2018-11-14T08:17:03&amp;apos;
System info: host: &amp;apos;HICHEM&amp;apos;, ip: &amp;apos;192.168.198.1&amp;apos;, os.name: &amp;apos;Windows 10&amp;apos;, os.arch: &amp;apos;amd64&amp;apos;, os.version: &amp;apos;10.0&amp;apos;, java.version: &amp;apos;1.8.0_251&amp;apos;
Driver info: org.openqa.selenium.chrome.ChromeDriver
Capabilities {acceptInsecureCerts: false, browserName: chrome, browserVersion: 86.0.4240.183, chrome: {chromedriverVersion: 85.0.4183.87 (cd6713ebf92fa..., userDataDir: C:\Users\Lenovo\AppData\Loc...}, goog:chromeOptions: {debuggerAddress: localhost:64202}, javascriptEnabled: true, networkConnectionEnabled: false, pageLoadStrategy: normal, platform: WINDOWS, platformName: WINDOWS, proxy: Proxy(), setWindowRect: true, strictFileInteractability: false, timeouts: {implicit: 0, pageLoad: 300000, script: 30000}, unhandledPromptBehavior: dismiss and notify, webauthn:virtualAuthenticators: true}
Session ID: d9db8a556596b9aca420d3342933e699">
      <![CDATA[org.openqa.selenium.UnhandledAlertException: unexpected alert open: <unknown>
  (Session info: chrome=86.0.4240.183): 
Build info: version: '3.141.59', revision: 'e82be7d358', time: '2018-11-14T08:17:03'
System info: host: 'HICHEM', ip: '192.168.198.1', os.name: 'Windows 10', os.arch: 'amd64', os.version: '10.0', java.version: '1.8.0_251'
Driver info: org.openqa.selenium.chrome.ChromeDriver
Capabilities {acceptInsecureCerts: false, browserName: chrome, browserVersion: 86.0.4240.183, chrome: {chromedriverVersion: 85.0.4183.87 (cd6713ebf92fa..., userDataDir: C:\Users\Lenovo\AppData\Loc...}, goog:chromeOptions: {debuggerAddress: localhost:64202}, javascriptEnabled: true, networkConnectionEnabled: false, pageLoadStrategy: normal, platform: WINDOWS, platformName: WINDOWS, proxy: Proxy(), setWindowRect: true, strictFileInteractability: false, timeouts: {implicit: 0, pageLoad: 300000, script: 30000}, unhandledPromptBehavior: dismiss and notify, webauthn:virtualAuthenticators: true}
Session ID: d9db8a556596b9aca420d3342933e699
at org.openqa.selenium.remote.http.W3CHttpResponseCodec.decode(W3CHttpResponseCodec.java:120)
at org.openqa.selenium.remote.http.W3CHttpResponseCodec.decode(W3CHttpResponseCodec.java:49)
at org.openqa.selenium.remote.HttpCommandExecutor.execute(HttpCommandExecutor.java:158)
at org.openqa.selenium.remote.service.DriverCommandExecutor.execute(DriverCommandExecutor.java:83)
at org.openqa.selenium.remote.RemoteWebDriver.execute(RemoteWebDriver.java:552)
at org.openqa.selenium.remote.RemoteWebDriver.execute(RemoteWebDriver.java:609)
at org.openqa.selenium.remote.RemoteWebDriver.getScreenshotAs(RemoteWebDriver.java:295)
at sun.reflect.GeneratedMethodAccessor21.invoke(Unknown Source)
at sun.reflect.DelegatingMethodAccessorImpl.invoke(Unknown Source)
at java.lang.reflect.Method.invoke(Unknown Source)
at org.openqa.selenium.support.events.EventFiringWebDriver.lambda$new$1(EventFiringWebDriver.java:105)
at com.sun.proxy.$Proxy11.getScreenshotAs(Unknown Source)
at org.openqa.selenium.support.events.EventFiringWebDriver.getScreenshotAs(EventFiringWebDriver.java:302)
at pageObject.MediaBase.takesScreenShots(MediaBase.java:25)
at pageObject.TestBase.reporteResu(TestBase.java:138)
at sun.reflect.GeneratedMethodAccessor19.invoke(Unknown Source)
at sun.reflect.DelegatingMethodAccessorImpl.invoke(Unknown Source)
at java.lang.reflect.Method.invoke(Unknown Source)
at org.testng.internal.MethodInvocationHelper.invokeMethod(MethodInvocationHelper.java:135)
at org.testng.internal.MethodInvocationHelper.invokeMethodConsideringTimeout(MethodInvocationHelper.java:64)
at org.testng.internal.ConfigInvoker.invokeConfigurationMethod(ConfigInvoker.java:364)
at org.testng.internal.ConfigInvoker.invokeConfigurations(ConfigInvoker.java:318)
at org.testng.internal.TestInvoker.runConfigMethods(TestInvoker.java:700)
at org.testng.internal.TestInvoker.runAfterGroupsConfigurations(TestInvoker.java:676)
at org.testng.internal.TestInvoker.invokeMethod(TestInvoker.java:660)
at org.testng.internal.TestInvoker.invokeTestMethod(TestInvoker.java:174)
at org.testng.internal.MethodRunner.runInSequence(MethodRunner.java:46)
at org.testng.internal.TestInvoker$MethodInvocationAgent.invoke(TestInvoker.java:821)
at org.testng.internal.TestInvoker.invokeTestMethods(TestInvoker.java:147)
at org.testng.internal.TestMethodWorker.invokeTestMethods(TestMethodWorker.java:146)
at org.testng.internal.TestMethodWorker.run(TestMethodWorker.java:128)
at java.util.ArrayList.forEach(Unknown Source)
at org.testng.TestRunner.privateRun(TestRunner.java:767)
at org.testng.TestRunner.run(TestRunner.java:588)
at org.testng.SuiteRunner.runTest(SuiteRunner.java:384)
at org.testng.SuiteRunner.runSequentially(SuiteRunner.java:378)
at org.testng.SuiteRunner.privateRun(SuiteRunner.java:337)
at org.testng.SuiteRunner.run(SuiteRunner.java:286)
at org.testng.SuiteRunnerWorker.runSuite(SuiteRunnerWorker.java:53)
at org.testng.SuiteRunnerWorker.run(SuiteRunnerWorker.java:96)
at org.testng.TestNG.runSuitesSequentially(TestNG.java:1214)
at org.testng.TestNG.runSuitesLocally(TestNG.java:1136)
at org.testng.TestNG.runSuites(TestNG.java:1066)
at org.testng.TestNG.run(TestNG.java:1034)
at org.testng.remote.AbstractRemoteTestNG.run(AbstractRemoteTestNG.java:115)
at org.testng.remote.RemoteTestNG.initAndRun(RemoteTestNG.java:251)
at org.testng.remote.RemoteTestNG.main(RemoteTestNG.java:77)
]]>
    </failure>
  </testcase> <!-- @AfterMethod reporteResu -->
  <testcase name="@BeforeMethod startReport" time="-1.604478429869E9" classname="pageObject.TestBase">
    <skipped/>
  </testcase> <!-- @BeforeMethod startReport -->
  <testcase name="@AfterMethod reporteResu" time="-1.604478429872E9" classname="pageObject.TestBase">
    <skipped/>
  </testcase> <!-- @AfterMethod reporteResu -->
  <testcase name="@BeforeMethod startReport" time="-1.604478429873E9" classname="pageObject.TestBase">
    <skipped/>
  </testcase> <!-- @BeforeMethod startReport -->
  <testcase name="@AfterMethod reporteResu" time="-1.604478429877E9" classname="pageObject.TestBase">
    <skipped/>
  </testcase> <!-- @AfterMethod reporteResu -->
  <testcase name="@AfterClass tearDown" time="-1.604478429878E9" classname="pageObject.TestBase">
    <skipped/>
  </testcase> <!-- @AfterClass tearDown -->
  <testcase name="Upload_eml_File" time="6.501" classname="StandAlone.Eml_File_Full_RegressionTest"/>
  <testcase name="Handle_StickyNote_On_eml" time="4.043" classname="StandAlone.Eml_File_Full_RegressionTest"/>
  <testcase name="Handle_FreeText_On_eml" time="3.524" classname="StandAlone.Eml_File_Full_RegressionTest"/>
  <testcase name="Handle_Circle___On_eml" time="5.526" classname="StandAlone.Eml_File_Full_RegressionTest"/>
  <testcase name="Handle_Arrow_On_eml" time="23.909" classname="StandAlone.Eml_File_Full_RegressionTest"/>
  <testcase name="Handle_Underline_On_eml" time="5.856" classname="StandAlone.Eml_File_Full_RegressionTest"/>
  <testcase name="Handle_freeHand_On_eml" time="2.923" classname="StandAlone.Eml_File_Full_RegressionTest"/>
  <testcase name="Handle_polyline_On_eml" time="5.497" classname="StandAlone.Eml_File_Full_RegressionTest"/>
  <testcase name="Handel_Polygone_On_eml" time="5.444" classname="StandAlone.Eml_File_Full_RegressionTest"/>
  <testcase name="Urgent_Stamp_On_eml" time="3.576" classname="StandAlone.Eml_File_Full_RegressionTest"/>
  <testcase name="Approved_Stamp_On_eml" time="2.793" classname="StandAlone.Eml_File_Full_RegressionTest"/>
  <testcase name="Draft_Stamp_On_eml" time="4.038" classname="StandAlone.Eml_File_Full_RegressionTest"/>
  <testcase name="Signature_Stamp_On_eml" time="4.292" classname="StandAlone.Eml_File_Full_RegressionTest"/>
  <testcase name="Free_Stamp_On_eml" time="4.369" classname="StandAlone.Eml_File_Full_RegressionTest"/>
  <testcase name="delete_Anotation_On_eml" time="3.126" classname="StandAlone.Eml_File_Full_RegressionTest"/>
  <testcase name="Refresh_After_Delete_Anotation_On_eml" time="20.26" classname="StandAlone.Eml_File_Full_RegressionTest"/>
  <testcase name="SAVE_DATA_ON_eml" time="1.515" classname="StandAlone.Eml_File_Full_RegressionTest"/>
  <testcase name="Refresh_After_Save_Anotation_On_eml" time="0.179" classname="StandAlone.Eml_File_Full_RegressionTest"/>
  <testcase name="Add_a_Signet_On_eml" time="5.427" classname="StandAlone.Eml_File_Full_RegressionTest"/>
  <testcase name="Delete_a_Signet_On_eml" time="4.745" classname="StandAlone.Eml_File_Full_RegressionTest"/>
  <testcase name="ADD_AN_ANCRE_On_eml" time="21.771" classname="StandAlone.Eml_File_Full_RegressionTest"/>
  <testcase name="SKIP_AN_ANCRE_On_eml" time="21.531" classname="StandAlone.Eml_File_Full_RegressionTest"/>
  <testcase name="ZoomIn_On_eml" time="1.756" classname="StandAlone.Eml_File_Full_RegressionTest"/>
  <testcase name="ZoomOut_On_eml" time="0.901" classname="StandAlone.Eml_File_Full_RegressionTest"/>
  <testcase name="ZoomInZone_On_eml" time="0.771" classname="StandAlone.Eml_File_Full_RegressionTest"/>
  <testcase name="Zoom_Adjust_On_eml" time="0.798" classname="StandAlone.Eml_File_Full_RegressionTest"/>
  <testcase name="Zoom_Text_Box_Control_On_eml" time="2.562" classname="StandAlone.Eml_File_Full_RegressionTest"/>
  <testcase name="Left_Rotation_Control_On_eml" time="0.71" classname="StandAlone.Eml_File_Full_RegressionTest"/>
  <testcase name="Right_Rotation_Control_On_eml" time="0.692" classname="StandAlone.Eml_File_Full_RegressionTest"/>
  <testcase name="Activate_Multiview_On_eml" time="0.675" classname="StandAlone.Eml_File_Full_RegressionTest"/>
  <testcase name="Desactivate_Multiview_On_eml" time="0.0" classname="StandAlone.Eml_File_Full_RegressionTest">
    <skipped/>
  </testcase> <!-- Desactivate_Multiview_On_eml -->
  <testcase name="Multi_Multiview_On_eml" time="0.0" classname="StandAlone.Eml_File_Full_RegressionTest">
    <skipped/>
  </testcase> <!-- Multi_Multiview_On_eml -->
</testsuite> <!-- Default test -->
