<?xml version="1.0" encoding="UTF-8"?>
<!-- Generated by org.testng.reporters.JUnitReportReporter -->
<testsuite skipped="2" hostname="Hichem" name="StandAlone.Eml_File_Full_RegressionTest" tests="33" failures="0" timestamp="2020-11-04T09:27:10 WAT" time="179.113" errors="1">
  <testcase name="reporteResu" time="0.338" classname="StandAlone.Eml_File_Full_RegressionTest">
    <error type="org.openqa.selenium.UnhandledAlertException" message="unexpected alert open: &lt;unknown&gt;
  (Session info: chrome=86.0.4240.183): 
Build info: version: &#039;3.141.59&#039;, revision: &#039;e82be7d358&#039;, time: &#039;2018-11-14T08:17:03&#039;
System info: host: &#039;HICHEM&#039;, ip: &#039;192.168.198.1&#039;, os.name: &#039;Windows 10&#039;, os.arch: &#039;amd64&#039;, os.version: &#039;10.0&#039;, java.version: &#039;1.8.0_251&#039;
Driver info: org.openqa.selenium.chrome.ChromeDriver
Capabilities {acceptInsecureCerts: false, browserName: chrome, browserVersion: 86.0.4240.183, chrome: {chromedriverVersion: 85.0.4183.87 (cd6713ebf92fa..., userDataDir: C:\Users\Lenovo\AppData\Loc...}, goog:chromeOptions: {debuggerAddress: localhost:64202}, javascriptEnabled: true, networkConnectionEnabled: false, pageLoadStrategy: normal, platform: WINDOWS, platformName: WINDOWS, proxy: Proxy(), setWindowRect: true, strictFileInteractability: false, timeouts: {implicit: 0, pageLoad: 300000, script: 30000}, unhandledPromptBehavior: dismiss and notify, webauthn:virtualAuthenticators: true}
Session ID: d9db8a556596b9aca420d3342933e699">
      <![CDATA[org.openqa.selenium.UnhandledAlertException: unexpected alert open: <unknown>
  (Session info: chrome=86.0.4240.183): 
Build info: version: '3.141.59', revision: 'e82be7d358', time: '2018-11-14T08:17:03'
System info: host: 'HICHEM', ip: '192.168.198.1', os.name: 'Windows 10', os.arch: 'amd64', os.version: '10.0', java.version: '1.8.0_251'
Driver info: org.openqa.selenium.chrome.ChromeDriver
Capabilities {acceptInsecureCerts: false, browserName: chrome, browserVersion: 86.0.4240.183, chrome: {chromedriverVersion: 85.0.4183.87 (cd6713ebf92fa..., userDataDir: C:\Users\Lenovo\AppData\Loc...}, goog:chromeOptions: {debuggerAddress: localhost:64202}, javascriptEnabled: true, networkConnectionEnabled: false, pageLoadStrategy: normal, platform: WINDOWS, platformName: WINDOWS, proxy: Proxy(), setWindowRect: true, strictFileInteractability: false, timeouts: {implicit: 0, pageLoad: 300000, script: 30000}, unhandledPromptBehavior: dismiss and notify, webauthn:virtualAuthenticators: true}
Session ID: d9db8a556596b9aca420d3342933e699
at org.openqa.selenium.remote.http.W3CHttpResponseCodec.decode(W3CHttpResponseCodec.java:120)
at org.openqa.selenium.remote.http.W3CHttpResponseCodec.decode(W3CHttpResponseCodec.java:49)
at org.openqa.selenium.remote.HttpCommandExecutor.execute(HttpCommandExecutor.java:158)
at org.openqa.selenium.remote.service.DriverCommandExecutor.execute(DriverCommandExecutor.java:83)
at org.openqa.selenium.remote.RemoteWebDriver.execute(RemoteWebDriver.java:552)
at org.openqa.selenium.remote.RemoteWebDriver.execute(RemoteWebDriver.java:609)
at org.openqa.selenium.remote.RemoteWebDriver.getScreenshotAs(RemoteWebDriver.java:295)
at sun.reflect.GeneratedMethodAccessor21.invoke(Unknown Source)
at sun.reflect.DelegatingMethodAccessorImpl.invoke(Unknown Source)
at java.lang.reflect.Method.invoke(Unknown Source)
at org.openqa.selenium.support.events.EventFiringWebDriver.lambda$new$1(EventFiringWebDriver.java:105)
at com.sun.proxy.$Proxy11.getScreenshotAs(Unknown Source)
at org.openqa.selenium.support.events.EventFiringWebDriver.getScreenshotAs(EventFiringWebDriver.java:302)
at pageObject.MediaBase.takesScreenShots(MediaBase.java:25)
at pageObject.TestBase.reporteResu(TestBase.java:138)
at sun.reflect.GeneratedMethodAccessor19.invoke(Unknown Source)
at sun.reflect.DelegatingMethodAccessorImpl.invoke(Unknown Source)
at java.lang.reflect.Method.invoke(Unknown Source)
at org.testng.internal.MethodInvocationHelper.invokeMethod(MethodInvocationHelper.java:135)
at org.testng.internal.MethodInvocationHelper.invokeMethodConsideringTimeout(MethodInvocationHelper.java:64)
at org.testng.internal.ConfigInvoker.invokeConfigurationMethod(ConfigInvoker.java:364)
at org.testng.internal.ConfigInvoker.invokeConfigurations(ConfigInvoker.java:318)
at org.testng.internal.TestInvoker.runConfigMethods(TestInvoker.java:700)
at org.testng.internal.TestInvoker.runAfterGroupsConfigurations(TestInvoker.java:676)
at org.testng.internal.TestInvoker.invokeMethod(TestInvoker.java:660)
at org.testng.internal.TestInvoker.invokeTestMethod(TestInvoker.java:174)
at org.testng.internal.MethodRunner.runInSequence(MethodRunner.java:46)
at org.testng.internal.TestInvoker$MethodInvocationAgent.invoke(TestInvoker.java:821)
at org.testng.internal.TestInvoker.invokeTestMethods(TestInvoker.java:147)
at org.testng.internal.TestMethodWorker.invokeTestMethods(TestMethodWorker.java:146)
at org.testng.internal.TestMethodWorker.run(TestMethodWorker.java:128)
at java.util.ArrayList.forEach(Unknown Source)
at org.testng.TestRunner.privateRun(TestRunner.java:767)
at org.testng.TestRunner.run(TestRunner.java:588)
at org.testng.SuiteRunner.runTest(SuiteRunner.java:384)
at org.testng.SuiteRunner.runSequentially(SuiteRunner.java:378)
at org.testng.SuiteRunner.privateRun(SuiteRunner.java:337)
at org.testng.SuiteRunner.run(SuiteRunner.java:286)
at org.testng.SuiteRunnerWorker.runSuite(SuiteRunnerWorker.java:53)
at org.testng.SuiteRunnerWorker.run(SuiteRunnerWorker.java:96)
at org.testng.TestNG.runSuitesSequentially(TestNG.java:1214)
at org.testng.TestNG.runSuitesLocally(TestNG.java:1136)
at org.testng.TestNG.runSuites(TestNG.java:1066)
at org.testng.TestNG.run(TestNG.java:1034)
at org.testng.remote.AbstractRemoteTestNG.run(AbstractRemoteTestNG.java:115)
at org.testng.remote.RemoteTestNG.initAndRun(RemoteTestNG.java:251)
at org.testng.remote.RemoteTestNG.main(RemoteTestNG.java:77)
]]>
    </error>
  </testcase> <!-- reporteResu -->
  <system-out/>
  <testcase name="Upload_eml_File" time="6.814" classname="StandAlone.Eml_File_Full_RegressionTest"/>
  <system-out/>
  <testcase name="Handle_StickyNote_On_eml" time="4.336" classname="StandAlone.Eml_File_Full_RegressionTest"/>
  <system-out/>
  <testcase name="Handle_FreeText_On_eml" time="3.821" classname="StandAlone.Eml_File_Full_RegressionTest"/>
  <system-out/>
  <testcase name="Handle_Circle___On_eml" time="5.999" classname="StandAlone.Eml_File_Full_RegressionTest"/>
  <system-out/>
  <testcase name="Handle_Arrow_On_eml" time="24.218" classname="StandAlone.Eml_File_Full_RegressionTest"/>
  <system-out/>
  <testcase name="Handle_Underline_On_eml" time="6.155" classname="StandAlone.Eml_File_Full_RegressionTest"/>
  <system-out/>
  <testcase name="Handle_freeHand_On_eml" time="3.220" classname="StandAlone.Eml_File_Full_RegressionTest"/>
  <system-out/>
  <testcase name="Handle_polyline_On_eml" time="5.774" classname="StandAlone.Eml_File_Full_RegressionTest"/>
  <system-out/>
  <testcase name="Handel_Polygone_On_eml" time="5.736" classname="StandAlone.Eml_File_Full_RegressionTest"/>
  <system-out/>
  <testcase name="Urgent_Stamp_On_eml" time="3.898" classname="StandAlone.Eml_File_Full_RegressionTest"/>
  <system-out/>
  <testcase name="Approved_Stamp_On_eml" time="3.107" classname="StandAlone.Eml_File_Full_RegressionTest"/>
  <system-out/>
  <testcase name="Draft_Stamp_On_eml" time="4.371" classname="StandAlone.Eml_File_Full_RegressionTest"/>
  <system-out/>
  <testcase name="Signature_Stamp_On_eml" time="4.588" classname="StandAlone.Eml_File_Full_RegressionTest"/>
  <system-out/>
  <testcase name="Free_Stamp_On_eml" time="4.655" classname="StandAlone.Eml_File_Full_RegressionTest"/>
  <system-out/>
  <testcase name="delete_Anotation_On_eml" time="3.427" classname="StandAlone.Eml_File_Full_RegressionTest"/>
  <system-out/>
  <testcase name="Refresh_After_Delete_Anotation_On_eml" time="20.713" classname="StandAlone.Eml_File_Full_RegressionTest"/>
  <system-out/>
  <testcase name="SAVE_DATA_ON_eml" time="1.804" classname="StandAlone.Eml_File_Full_RegressionTest"/>
  <system-out/>
  <testcase name="Refresh_After_Save_Anotation_On_eml" time="0.458" classname="StandAlone.Eml_File_Full_RegressionTest"/>
  <system-out/>
  <testcase name="Add_a_Signet_On_eml" time="5.712" classname="StandAlone.Eml_File_Full_RegressionTest"/>
  <system-out/>
  <testcase name="Delete_a_Signet_On_eml" time="5.181" classname="StandAlone.Eml_File_Full_RegressionTest"/>
  <system-out/>
  <testcase name="ADD_AN_ANCRE_On_eml" time="22.053" classname="StandAlone.Eml_File_Full_RegressionTest"/>
  <system-out/>
  <testcase name="SKIP_AN_ANCRE_On_eml" time="21.825" classname="StandAlone.Eml_File_Full_RegressionTest"/>
  <system-out/>
  <testcase name="ZoomIn_On_eml" time="2.216" classname="StandAlone.Eml_File_Full_RegressionTest"/>
  <system-out/>
  <testcase name="ZoomOut_On_eml" time="1.199" classname="StandAlone.Eml_File_Full_RegressionTest"/>
  <system-out/>
  <testcase name="ZoomInZone_On_eml" time="1.068" classname="StandAlone.Eml_File_Full_RegressionTest"/>
  <system-out/>
  <testcase name="Zoom_Adjust_On_eml" time="1.083" classname="StandAlone.Eml_File_Full_RegressionTest"/>
  <system-out/>
  <testcase name="Zoom_Text_Box_Control_On_eml" time="2.869" classname="StandAlone.Eml_File_Full_RegressionTest"/>
  <system-out/>
  <testcase name="Left_Rotation_Control_On_eml" time="1.107" classname="StandAlone.Eml_File_Full_RegressionTest"/>
  <system-out/>
  <testcase name="Right_Rotation_Control_On_eml" time="0.693" classname="StandAlone.Eml_File_Full_RegressionTest"/>
  <system-out/>
  <testcase name="Activate_Multiview_On_eml" time="0.675" classname="StandAlone.Eml_File_Full_RegressionTest"/>
  <system-out/>
  <testcase name="Desactivate_Multiview_On_eml" time="0.000" classname="StandAlone.Eml_File_Full_RegressionTest">
    <skipped/>
  </testcase> <!-- Desactivate_Multiview_On_eml -->
  <system-out/>
  <testcase name="Multi_Multiview_On_eml" time="0.000" classname="StandAlone.Eml_File_Full_RegressionTest">
    <skipped/>
  </testcase> <!-- Multi_Multiview_On_eml -->
  <system-out/>
</testsuite> <!-- StandAlone.Eml_File_Full_RegressionTest -->
