<?xml version="1.0" encoding="UTF-8"?>
<!-- Generated by org.testng.reporters.JUnitReportReporter -->
<testsuite hostname="RAJENGUI" failures="1" tests="33" name="StandAlone.Word_File_Full_RegressionTest" time="133.859" errors="1" timestamp="2020-11-05T15:15:23 WAT" skipped="17">
  <testcase classname="StandAlone.Word_File_Full_RegressionTest" name="reporteResu" time="0.644">
    <error message="unexpected alert open: &lt;unknown&gt;
  (Session info: chrome=86.0.4240.183): 
Build info: version: &#039;3.141.59&#039;, revision: &#039;e82be7d358&#039;, time: &#039;2018-11-14T08:17:03&#039;
System info: host: &#039;RAJENGUI&#039;, ip: &#039;192.168.93.1&#039;, os.name: &#039;Windows 10&#039;, os.arch: &#039;amd64&#039;, os.version: &#039;10.0&#039;, java.version: &#039;14.0.2&#039;
Driver info: org.openqa.selenium.chrome.ChromeDriver
Capabilities {acceptInsecureCerts: false, browserName: chrome, browserVersion: 86.0.4240.183, chrome: {chromedriverVersion: 85.0.4183.87 (cd6713ebf92fa..., userDataDir: C:\Users\DELL\AppData\Local...}, goog:chromeOptions: {debuggerAddress: localhost:53690}, javascriptEnabled: true, networkConnectionEnabled: false, pageLoadStrategy: normal, platform: WINDOWS, platformName: WINDOWS, proxy: Proxy(), setWindowRect: true, strictFileInteractability: false, timeouts: {implicit: 0, pageLoad: 300000, script: 30000}, unhandledPromptBehavior: dismiss and notify, webauthn:virtualAuthenticators: true}
Session ID: 5d26786ee41dae618c1bbb550e357f78" type="org.openqa.selenium.UnhandledAlertException">
      <![CDATA[org.openqa.selenium.UnhandledAlertException: unexpected alert open: <unknown>
  (Session info: chrome=86.0.4240.183): 
Build info: version: '3.141.59', revision: 'e82be7d358', time: '2018-11-14T08:17:03'
System info: host: 'RAJENGUI', ip: '192.168.93.1', os.name: 'Windows 10', os.arch: 'amd64', os.version: '10.0', java.version: '14.0.2'
Driver info: org.openqa.selenium.chrome.ChromeDriver
Capabilities {acceptInsecureCerts: false, browserName: chrome, browserVersion: 86.0.4240.183, chrome: {chromedriverVersion: 85.0.4183.87 (cd6713ebf92fa..., userDataDir: C:\Users\DELL\AppData\Local...}, goog:chromeOptions: {debuggerAddress: localhost:53690}, javascriptEnabled: true, networkConnectionEnabled: false, pageLoadStrategy: normal, platform: WINDOWS, platformName: WINDOWS, proxy: Proxy(), setWindowRect: true, strictFileInteractability: false, timeouts: {implicit: 0, pageLoad: 300000, script: 30000}, unhandledPromptBehavior: dismiss and notify, webauthn:virtualAuthenticators: true}
Session ID: 5d26786ee41dae618c1bbb550e357f78
at org.openqa.selenium.remote.http.W3CHttpResponseCodec.decode(W3CHttpResponseCodec.java:120)
at org.openqa.selenium.remote.http.W3CHttpResponseCodec.decode(W3CHttpResponseCodec.java:49)
at org.openqa.selenium.remote.HttpCommandExecutor.execute(HttpCommandExecutor.java:158)
at org.openqa.selenium.remote.service.DriverCommandExecutor.execute(DriverCommandExecutor.java:83)
at org.openqa.selenium.remote.RemoteWebDriver.execute(RemoteWebDriver.java:552)
at org.openqa.selenium.remote.RemoteWebDriver.execute(RemoteWebDriver.java:609)
at org.openqa.selenium.remote.RemoteWebDriver.getScreenshotAs(RemoteWebDriver.java:295)
at jdk.internal.reflect.GeneratedMethodAccessor21.invoke(Unknown Source)
at java.base/jdk.internal.reflect.DelegatingMethodAccessorImpl.invoke(DelegatingMethodAccessorImpl.java:43)
at java.base/java.lang.reflect.Method.invoke(Method.java:564)
at org.openqa.selenium.support.events.EventFiringWebDriver.lambda$new$1(EventFiringWebDriver.java:105)
at com.sun.proxy.$Proxy14.getScreenshotAs(Unknown Source)
at org.openqa.selenium.support.events.EventFiringWebDriver.getScreenshotAs(EventFiringWebDriver.java:302)
at pageObject.MediaBase.takesScreenShots(MediaBase.java:25)
at pageObject.TestBase.reporteResu(TestBase.java:147)
at jdk.internal.reflect.GeneratedMethodAccessor19.invoke(Unknown Source)
at java.base/jdk.internal.reflect.DelegatingMethodAccessorImpl.invoke(DelegatingMethodAccessorImpl.java:43)
at java.base/java.lang.reflect.Method.invoke(Method.java:564)
at org.testng.internal.MethodInvocationHelper.invokeMethod(MethodInvocationHelper.java:132)
at org.testng.internal.MethodInvocationHelper.invokeMethodConsideringTimeout(MethodInvocationHelper.java:61)
at org.testng.internal.ConfigInvoker.invokeConfigurationMethod(ConfigInvoker.java:366)
at org.testng.internal.ConfigInvoker.invokeConfigurations(ConfigInvoker.java:320)
at org.testng.internal.TestInvoker.runConfigMethods(TestInvoker.java:701)
at org.testng.internal.TestInvoker.runAfterGroupsConfigurations(TestInvoker.java:677)
at org.testng.internal.TestInvoker.invokeMethod(TestInvoker.java:661)
at org.testng.internal.TestInvoker.invokeTestMethod(TestInvoker.java:174)
at org.testng.internal.MethodRunner.runInSequence(MethodRunner.java:46)
at org.testng.internal.TestInvoker$MethodInvocationAgent.invoke(TestInvoker.java:822)
at org.testng.internal.TestInvoker.invokeTestMethods(TestInvoker.java:147)
at org.testng.internal.TestMethodWorker.invokeTestMethods(TestMethodWorker.java:146)
at org.testng.internal.TestMethodWorker.run(TestMethodWorker.java:128)
at java.base/java.util.ArrayList.forEach(ArrayList.java:1511)
at org.testng.TestRunner.privateRun(TestRunner.java:764)
at org.testng.TestRunner.run(TestRunner.java:585)
at org.testng.SuiteRunner.runTest(SuiteRunner.java:384)
at org.testng.SuiteRunner.runSequentially(SuiteRunner.java:378)
at org.testng.SuiteRunner.privateRun(SuiteRunner.java:337)
at org.testng.SuiteRunner.run(SuiteRunner.java:286)
at org.testng.SuiteRunnerWorker.runSuite(SuiteRunnerWorker.java:53)
at org.testng.SuiteRunnerWorker.run(SuiteRunnerWorker.java:96)
at org.testng.TestNG.runSuitesSequentially(TestNG.java:1218)
at org.testng.TestNG.runSuitesLocally(TestNG.java:1140)
at org.testng.TestNG.runSuites(TestNG.java:1069)
at org.testng.TestNG.run(TestNG.java:1037)
at org.testng.remote.AbstractRemoteTestNG.run(AbstractRemoteTestNG.java:115)
at org.testng.remote.RemoteTestNG.initAndRun(RemoteTestNG.java:251)
at org.testng.remote.RemoteTestNG.main(RemoteTestNG.java:77)
]]>
    </error>
  </testcase> <!-- reporteResu -->
  <system-out/>
  <testcase classname="StandAlone.Word_File_Full_RegressionTest" name="Upload_word_File" time="6.006"/>
  <system-out/>
  <testcase classname="StandAlone.Word_File_Full_RegressionTest" name="Handle_StickyNote_On_word" time="3.504"/>
  <system-out/>
  <testcase classname="StandAlone.Word_File_Full_RegressionTest" name="Handle_FreeText_On_word" time="2.591"/>
  <system-out/>
  <testcase classname="StandAlone.Word_File_Full_RegressionTest" name="Handle_Circle___On_word" time="4.684"/>
  <system-out/>
  <testcase classname="StandAlone.Word_File_Full_RegressionTest" name="Handle_Arrow_On_word" time="17.571"/>
  <system-out/>
  <testcase classname="StandAlone.Word_File_Full_RegressionTest" name="Handle_Underline_On_word" time="4.899"/>
  <system-out/>
  <testcase classname="StandAlone.Word_File_Full_RegressionTest" name="Handle_freeHand_On_word" time="2.728"/>
  <system-out/>
  <testcase classname="StandAlone.Word_File_Full_RegressionTest" name="Handle_polyline_On_word" time="4.517"/>
  <system-out/>
  <testcase classname="StandAlone.Word_File_Full_RegressionTest" name="Handel_Polygone_On_word" time="4.567"/>
  <system-out/>
  <testcase classname="StandAlone.Word_File_Full_RegressionTest" name="Urgent_Stamp_On_word" time="3.291"/>
  <system-out/>
  <testcase classname="StandAlone.Word_File_Full_RegressionTest" name="Approved_Stamp_On_word" time="32.721"/>
  <system-out/>
  <testcase classname="StandAlone.Word_File_Full_RegressionTest" name="Draft_Stamp_On_word" time="3.119"/>
  <system-out/>
  <testcase classname="StandAlone.Word_File_Full_RegressionTest" name="Signature_Stamp_On_word" time="2.964"/>
  <system-out/>
  <testcase classname="StandAlone.Word_File_Full_RegressionTest" name="Free_Stamp_On_word" time="2.848"/>
  <system-out/>
  <testcase classname="StandAlone.Word_File_Full_RegressionTest" name="delete_Anotation_On_word" time="37.205">
    <failure message="ERROR ACCURRED : ANNOTATION ARE DELETED expected [true] but found [false]" type="java.lang.AssertionError">
      <![CDATA[java.lang.AssertionError: ERROR ACCURRED : ANNOTATION ARE DELETED expected [true] but found [false]
at org.testng.Assert.fail(Assert.java:99)
at org.testng.Assert.failNotEquals(Assert.java:1037)
at org.testng.Assert.assertTrue(Assert.java:45)
at StandAlone.Word_File_Full_RegressionTest.delete_Anotation_On_word(Word_File_Full_RegressionTest.java:209)
at java.base/jdk.internal.reflect.NativeMethodAccessorImpl.invoke0(Native Method)
at java.base/jdk.internal.reflect.NativeMethodAccessorImpl.invoke(NativeMethodAccessorImpl.java:62)
at java.base/jdk.internal.reflect.DelegatingMethodAccessorImpl.invoke(DelegatingMethodAccessorImpl.java:43)
at java.base/java.lang.reflect.Method.invoke(Method.java:564)
at org.testng.internal.MethodInvocationHelper.invokeMethod(MethodInvocationHelper.java:132)
at org.testng.internal.TestInvoker.invokeMethod(TestInvoker.java:599)
at org.testng.internal.TestInvoker.invokeTestMethod(TestInvoker.java:174)
at org.testng.internal.MethodRunner.runInSequence(MethodRunner.java:46)
at org.testng.internal.TestInvoker$MethodInvocationAgent.invoke(TestInvoker.java:822)
at org.testng.internal.TestInvoker.invokeTestMethods(TestInvoker.java:147)
at org.testng.internal.TestMethodWorker.invokeTestMethods(TestMethodWorker.java:146)
at org.testng.internal.TestMethodWorker.run(TestMethodWorker.java:128)
at java.base/java.util.ArrayList.forEach(ArrayList.java:1511)
at org.testng.TestRunner.privateRun(TestRunner.java:764)
at org.testng.TestRunner.run(TestRunner.java:585)
at org.testng.SuiteRunner.runTest(SuiteRunner.java:384)
at org.testng.SuiteRunner.runSequentially(SuiteRunner.java:378)
at org.testng.SuiteRunner.privateRun(SuiteRunner.java:337)
at org.testng.SuiteRunner.run(SuiteRunner.java:286)
at org.testng.SuiteRunnerWorker.runSuite(SuiteRunnerWorker.java:53)
at org.testng.SuiteRunnerWorker.run(SuiteRunnerWorker.java:96)
at org.testng.TestNG.runSuitesSequentially(TestNG.java:1218)
at org.testng.TestNG.runSuitesLocally(TestNG.java:1140)
at org.testng.TestNG.runSuites(TestNG.java:1069)
at org.testng.TestNG.run(TestNG.java:1037)
at org.testng.remote.AbstractRemoteTestNG.run(AbstractRemoteTestNG.java:115)
at org.testng.remote.RemoteTestNG.initAndRun(RemoteTestNG.java:251)
at org.testng.remote.RemoteTestNG.main(RemoteTestNG.java:77)
]]>
    </failure>
  </testcase> <!-- delete_Anotation_On_word -->
  <system-out/>
  <testcase classname="StandAlone.Word_File_Full_RegressionTest" name="Refresh_After_Delete_Anotation_On_word" time="0.000">
    <skipped/>
  </testcase> <!-- Refresh_After_Delete_Anotation_On_word -->
  <system-out/>
  <testcase classname="StandAlone.Word_File_Full_RegressionTest" name="SAVE_DATA_ON_word" time="0.000">
    <skipped/>
  </testcase> <!-- SAVE_DATA_ON_word -->
  <system-out/>
  <testcase classname="StandAlone.Word_File_Full_RegressionTest" name="Refresh_After_Save_Anotation_On_word" time="0.000">
    <skipped/>
  </testcase> <!-- Refresh_After_Save_Anotation_On_word -->
  <system-out/>
  <testcase classname="StandAlone.Word_File_Full_RegressionTest" name="Add_a_Signet_On_word" time="0.000">
    <skipped/>
  </testcase> <!-- Add_a_Signet_On_word -->
  <system-out/>
  <testcase classname="StandAlone.Word_File_Full_RegressionTest" name="Delete_a_Signet_On_word" time="0.000">
    <skipped/>
  </testcase> <!-- Delete_a_Signet_On_word -->
  <system-out/>
  <testcase classname="StandAlone.Word_File_Full_RegressionTest" name="ADD_AN_ANCRE_On_word" time="0.000">
    <skipped/>
  </testcase> <!-- ADD_AN_ANCRE_On_word -->
  <system-out/>
  <testcase classname="StandAlone.Word_File_Full_RegressionTest" name="SKIP_AN_ANCRE_On_word" time="0.000">
    <skipped/>
  </testcase> <!-- SKIP_AN_ANCRE_On_word -->
  <system-out/>
  <testcase classname="StandAlone.Word_File_Full_RegressionTest" name="ZoomIn_On_word" time="0.000">
    <skipped/>
  </testcase> <!-- ZoomIn_On_word -->
  <system-out/>
  <testcase classname="StandAlone.Word_File_Full_RegressionTest" name="ZoomOut_On_word" time="0.000">
    <skipped/>
  </testcase> <!-- ZoomOut_On_word -->
  <system-out/>
  <testcase classname="StandAlone.Word_File_Full_RegressionTest" name="ZoomInZone_On_word" time="0.000">
    <skipped/>
  </testcase> <!-- ZoomInZone_On_word -->
  <system-out/>
  <testcase classname="StandAlone.Word_File_Full_RegressionTest" name="Zoom_Adjust_On_word" time="0.000">
    <skipped/>
  </testcase> <!-- Zoom_Adjust_On_word -->
  <system-out/>
  <testcase classname="StandAlone.Word_File_Full_RegressionTest" name="Zoom_Text_Box_Control_On_word" time="0.000">
    <skipped/>
  </testcase> <!-- Zoom_Text_Box_Control_On_word -->
  <system-out/>
  <testcase classname="StandAlone.Word_File_Full_RegressionTest" name="Left_Rotation_Control_On_word" time="0.000">
    <skipped/>
  </testcase> <!-- Left_Rotation_Control_On_word -->
  <system-out/>
  <testcase classname="StandAlone.Word_File_Full_RegressionTest" name="Right_Rotation_Control_On_word" time="0.000">
    <skipped/>
  </testcase> <!-- Right_Rotation_Control_On_word -->
  <system-out/>
  <testcase classname="StandAlone.Word_File_Full_RegressionTest" name="Activate_Multiview_On_word" time="0.000">
    <skipped/>
  </testcase> <!-- Activate_Multiview_On_word -->
  <system-out/>
  <testcase classname="StandAlone.Word_File_Full_RegressionTest" name="Desactivate_Multiview_On_word" time="0.000">
    <skipped/>
  </testcase> <!-- Desactivate_Multiview_On_word -->
  <system-out/>
  <testcase classname="StandAlone.Word_File_Full_RegressionTest" name="Multi_Multiview_On_word" time="0.000">
    <skipped/>
  </testcase> <!-- Multi_Multiview_On_word -->
  <system-out/>
</testsuite> <!-- StandAlone.Word_File_Full_RegressionTest -->
