<?xml version="1.0" encoding="UTF-8"?>
<!-- Generated by org.testng.reporters.JUnitReportReporter -->
<testsuite skipped="0" hostname="Hichem" name="StandAlone.ARender_Full_Fonction___onBulky_file" tests="5" failures="1" timestamp="2020-11-03T14:50:25 WAT" time="9.678" errors="0">
  <testcase name="Bulky_File____Upload" time="5.739" classname="StandAlone.ARender_Full_Fonction___onBulky_file"/>
  <system-out/>
  <testcase name="Contrast___onBulky_File" time="0.533" classname="StandAlone.ARender_Full_Fonction___onBulky_file"/>
  <system-out/>
  <testcase name="navigation___onSmall_file" time="1.898" classname="StandAlone.ARender_Full_Fonction___onBulky_file"/>
  <system-out/>
  <testcase name="fullscreen___onBulky_File" time="1.037" classname="StandAlone.ARender_Full_Fonction___onBulky_file"/>
  <system-out/>
  <testcase name="logoVersion___onBulky_File" time="0.471" classname="StandAlone.ARender_Full_Fonction___onBulky_file">
    <failure type="java.lang.AssertionError" message="ERROR ACCURRED : ARENDER VERSION IS NOT TRUE expected [Version 4.1.1-rc1 - 201020_144655] but found [Version 4.1.1-rc3 - 201028_110038]">
      <![CDATA[java.lang.AssertionError: ERROR ACCURRED : ARENDER VERSION IS NOT TRUE expected [Version 4.1.1-rc1 - 201020_144655] but found [Version 4.1.1-rc3 - 201028_110038]
at org.testng.Assert.fail(Assert.java:97)
at org.testng.Assert.assertEqualsImpl(Assert.java:136)
at org.testng.Assert.assertEquals(Assert.java:118)
at org.testng.Assert.assertEquals(Assert.java:575)
at StandAlone.ARender_Full_Fonction___onBulky_file.logoVersion___onBulky_File(ARender_Full_Fonction___onBulky_file.java:133)
at sun.reflect.NativeMethodAccessorImpl.invoke0(Native Method)
at sun.reflect.NativeMethodAccessorImpl.invoke(Unknown Source)
at sun.reflect.DelegatingMethodAccessorImpl.invoke(Unknown Source)
at java.lang.reflect.Method.invoke(Unknown Source)
at org.testng.internal.MethodInvocationHelper.invokeMethod(MethodInvocationHelper.java:135)
at org.testng.internal.TestInvoker.invokeMethod(TestInvoker.java:598)
at org.testng.internal.TestInvoker.invokeTestMethod(TestInvoker.java:174)
at org.testng.internal.MethodRunner.runInSequence(MethodRunner.java:46)
at org.testng.internal.TestInvoker$MethodInvocationAgent.invoke(TestInvoker.java:821)
at org.testng.internal.TestInvoker.invokeTestMethods(TestInvoker.java:147)
at org.testng.internal.TestMethodWorker.invokeTestMethods(TestMethodWorker.java:146)
at org.testng.internal.TestMethodWorker.run(TestMethodWorker.java:128)
at java.util.ArrayList.forEach(Unknown Source)
at org.testng.TestRunner.privateRun(TestRunner.java:767)
at org.testng.TestRunner.run(TestRunner.java:588)
at org.testng.SuiteRunner.runTest(SuiteRunner.java:384)
at org.testng.SuiteRunner.runSequentially(SuiteRunner.java:378)
at org.testng.SuiteRunner.privateRun(SuiteRunner.java:337)
at org.testng.SuiteRunner.run(SuiteRunner.java:286)
at org.testng.SuiteRunnerWorker.runSuite(SuiteRunnerWorker.java:53)
at org.testng.SuiteRunnerWorker.run(SuiteRunnerWorker.java:96)
at org.testng.TestNG.runSuitesSequentially(TestNG.java:1214)
at org.testng.TestNG.runSuitesLocally(TestNG.java:1136)
at org.testng.TestNG.runSuites(TestNG.java:1066)
at org.testng.TestNG.run(TestNG.java:1034)
at org.testng.remote.AbstractRemoteTestNG.run(AbstractRemoteTestNG.java:115)
at org.testng.remote.RemoteTestNG.initAndRun(RemoteTestNG.java:251)
at org.testng.remote.RemoteTestNG.main(RemoteTestNG.java:77)
]]>
    </failure>
  </testcase> <!-- logoVersion___onBulky_File -->
  <system-out/>
</testsuite> <!-- StandAlone.ARender_Full_Fonction___onBulky_file -->
