<?xml version="1.0" encoding="UTF-8"?>
<!-- Generated by org.testng.reporters.JUnitReportReporter -->
<testsuite skipped="0" hostname="Hichem" name="StandAlone.PPT_File___FullRegressionTest" tests="32" failures="1" timestamp="2020-11-02T11:26:59 WAT" time="185.696" errors="0">
  <testcase name="Upload_ppt_File" time="14.235" classname="StandAlone.PPT_File___FullRegressionTest"/>
  <system-out/>
  <testcase name="Handle_StickyNote_On_ppt" time="3.701" classname="StandAlone.PPT_File___FullRegressionTest"/>
  <system-out/>
  <testcase name="Handle_FreeText_On_ppt" time="3.069" classname="StandAlone.PPT_File___FullRegressionTest"/>
  <system-out/>
  <testcase name="Handle_Circle___On_ppt" time="5.457" classname="StandAlone.PPT_File___FullRegressionTest"/>
  <system-out/>
  <testcase name="Handle_Arrow_On_ppt" time="21.124" classname="StandAlone.PPT_File___FullRegressionTest"/>
  <system-out/>
  <testcase name="Handle_Underline_On_ppt" time="5.574" classname="StandAlone.PPT_File___FullRegressionTest"/>
  <system-out/>
  <testcase name="Handle_freeHand_On_ppt" time="2.926" classname="StandAlone.PPT_File___FullRegressionTest"/>
  <system-out/>
  <testcase name="Handle_polyline_On_ppt" time="5.647" classname="StandAlone.PPT_File___FullRegressionTest"/>
  <system-out/>
  <testcase name="Handel_Polygone_On_ppt" time="5.724" classname="StandAlone.PPT_File___FullRegressionTest"/>
  <system-out/>
  <testcase name="Urgent_Stamp_On_ppt" time="3.915" classname="StandAlone.PPT_File___FullRegressionTest"/>
  <system-out/>
  <testcase name="Approved_Stamp_On_ppt" time="3.355" classname="StandAlone.PPT_File___FullRegressionTest"/>
  <system-out/>
  <testcase name="Draft_Stamp_On_ppt" time="4.098" classname="StandAlone.PPT_File___FullRegressionTest"/>
  <system-out/>
  <testcase name="Signature_Stamp_On_ppt" time="4.669" classname="StandAlone.PPT_File___FullRegressionTest"/>
  <system-out/>
  <testcase name="Free_Stamp_On_ppt" time="5.066" classname="StandAlone.PPT_File___FullRegressionTest"/>
  <system-out/>
  <testcase name="delete_Anotation_On_ppt" time="3.142" classname="StandAlone.PPT_File___FullRegressionTest"/>
  <system-out/>
  <testcase name="Refresh_After_Delete_Anotation_On_ppt" time="20.431" classname="StandAlone.PPT_File___FullRegressionTest"/>
  <system-out/>
  <testcase name="SAVE_DATA_ON_ppt" time="1.732" classname="StandAlone.PPT_File___FullRegressionTest"/>
  <system-out/>
  <testcase name="Refresh_After_Save_Anotation_On_ppt" time="0.214" classname="StandAlone.PPT_File___FullRegressionTest"/>
  <system-out/>
  <testcase name="Add_a_Signet_On_ppt" time="5.730" classname="StandAlone.PPT_File___FullRegressionTest"/>
  <system-out/>
  <testcase name="Delete_a_Signet_On_ppt" time="4.771" classname="StandAlone.PPT_File___FullRegressionTest"/>
  <system-out/>
  <testcase name="ADD_AN_ANCRE_On_ppt" time="21.915" classname="StandAlone.PPT_File___FullRegressionTest"/>
  <system-out/>
  <testcase name="SKIP_AN_ANCRE_On_ppt" time="21.436" classname="StandAlone.PPT_File___FullRegressionTest"/>
  <system-out/>
  <testcase name="ZoomIn_On_ppt" time="1.655" classname="StandAlone.PPT_File___FullRegressionTest"/>
  <system-out/>
  <testcase name="ZoomOut_On_ppt" time="0.922" classname="StandAlone.PPT_File___FullRegressionTest"/>
  <system-out/>
  <testcase name="ZoomInZone_On_ppt" time="0.784" classname="StandAlone.PPT_File___FullRegressionTest"/>
  <system-out/>
  <testcase name="Zoom_Adjust_On_ppt" time="0.870" classname="StandAlone.PPT_File___FullRegressionTest"/>
  <system-out/>
  <testcase name="Zoom_Text_Box_Control_On_ppt" time="2.564" classname="StandAlone.PPT_File___FullRegressionTest"/>
  <system-out/>
  <testcase name="Left_Rotation_Control_On_ppt" time="0.720" classname="StandAlone.PPT_File___FullRegressionTest"/>
  <system-out/>
  <testcase name="Right_Rotation_Control_On_ppt" time="0.712" classname="StandAlone.PPT_File___FullRegressionTest"/>
  <system-out/>
  <testcase name="Activate_Multiview_On_ppt" time="0.675" classname="StandAlone.PPT_File___FullRegressionTest"/>
  <system-out/>
  <testcase name="Desactivate_Multiview_On_ppt" time="0.082" classname="StandAlone.PPT_File___FullRegressionTest"/>
  <system-out/>
  <testcase name="Multi_Multiview_On_ppt" time="8.781" classname="StandAlone.PPT_File___FullRegressionTest">
    <failure type="java.lang.AssertionError" message="expected [7] but found [8]">
      <![CDATA[java.lang.AssertionError: expected [7] but found [8]
at org.testng.Assert.fail(Assert.java:97)
at org.testng.Assert.assertEqualsImpl(Assert.java:136)
at org.testng.Assert.assertEquals(Assert.java:118)
at org.testng.Assert.assertEquals(Assert.java:839)
at org.testng.Assert.assertEquals(Assert.java:849)
at EndToEnd.MultiviewTest.Multi_Activate_Multiview(MultiviewTest.java:67)
at StandAlone.PPT_File___FullRegressionTest.Multi_Multiview_On_ppt(PPT_File___FullRegressionTest.java:386)
at sun.reflect.NativeMethodAccessorImpl.invoke0(Native Method)
at sun.reflect.NativeMethodAccessorImpl.invoke(Unknown Source)
at sun.reflect.DelegatingMethodAccessorImpl.invoke(Unknown Source)
at java.lang.reflect.Method.invoke(Unknown Source)
at org.testng.internal.MethodInvocationHelper.invokeMethod(MethodInvocationHelper.java:135)
at org.testng.internal.TestInvoker.invokeMethod(TestInvoker.java:598)
at org.testng.internal.TestInvoker.invokeTestMethod(TestInvoker.java:174)
at org.testng.internal.MethodRunner.runInSequence(MethodRunner.java:46)
at org.testng.internal.TestInvoker$MethodInvocationAgent.invoke(TestInvoker.java:821)
at org.testng.internal.TestInvoker.invokeTestMethods(TestInvoker.java:147)
at org.testng.internal.TestMethodWorker.invokeTestMethods(TestMethodWorker.java:146)
at org.testng.internal.TestMethodWorker.run(TestMethodWorker.java:128)
at java.util.ArrayList.forEach(Unknown Source)
at org.testng.TestRunner.privateRun(TestRunner.java:767)
at org.testng.TestRunner.run(TestRunner.java:588)
at org.testng.SuiteRunner.runTest(SuiteRunner.java:384)
at org.testng.SuiteRunner.runSequentially(SuiteRunner.java:378)
at org.testng.SuiteRunner.privateRun(SuiteRunner.java:337)
at org.testng.SuiteRunner.run(SuiteRunner.java:286)
at org.testng.SuiteRunnerWorker.runSuite(SuiteRunnerWorker.java:53)
at org.testng.SuiteRunnerWorker.run(SuiteRunnerWorker.java:96)
at org.testng.TestNG.runSuitesSequentially(TestNG.java:1214)
at org.testng.TestNG.runSuitesLocally(TestNG.java:1136)
at org.testng.TestNG.runSuites(TestNG.java:1066)
at org.testng.TestNG.run(TestNG.java:1034)
at org.testng.remote.AbstractRemoteTestNG.run(AbstractRemoteTestNG.java:115)
at org.testng.remote.RemoteTestNG.initAndRun(RemoteTestNG.java:251)
at org.testng.remote.RemoteTestNG.main(RemoteTestNG.java:77)
]]>
    </failure>
  </testcase> <!-- Multi_Multiview_On_ppt -->
  <system-out/>
</testsuite> <!-- StandAlone.PPT_File___FullRegressionTest -->
