<?xml version="1.0" encoding="UTF-8"?>
<!-- Generated by org.testng.reporters.JUnitReportReporter -->
<testsuite hostname="RAJENGUI" failures="0" tests="15" name="File_Management_____Testcases.GIF_File___Full_RegressionTest" time="0.000" errors="1" timestamp="2020-10-20T14:18:18 WAT" skipped="14">
  <testcase classname="File_Management_____Testcases.GIF_File___Full_RegressionTest" name="initialization" time="0.000">
    <error message="Cannot invoke &quot;Object.getClass()&quot; because &quot;object&quot; is null" type="java.lang.NullPointerException">
      <![CDATA[java.lang.NullPointerException: Cannot invoke "Object.getClass()" because "object" is null
at org.openqa.selenium.support.events.EventFiringWebDriver.extractInterfaces(EventFiringWebDriver.java:120)
at org.openqa.selenium.support.events.EventFiringWebDriver.<init>(EventFiringWebDriver.java:94)
at pageObject.TestBase.initialization(TestBase.java:95)
at java.base/jdk.internal.reflect.NativeMethodAccessorImpl.invoke0(Native Method)
at java.base/jdk.internal.reflect.NativeMethodAccessorImpl.invoke(NativeMethodAccessorImpl.java:62)
at java.base/jdk.internal.reflect.DelegatingMethodAccessorImpl.invoke(DelegatingMethodAccessorImpl.java:43)
at java.base/java.lang.reflect.Method.invoke(Method.java:564)
at org.testng.internal.MethodInvocationHelper.invokeMethod(MethodInvocationHelper.java:132)
at org.testng.internal.MethodInvocationHelper.invokeMethodConsideringTimeout(MethodInvocationHelper.java:61)
at org.testng.internal.ConfigInvoker.invokeConfigurationMethod(ConfigInvoker.java:366)
at org.testng.internal.ConfigInvoker.invokeConfigurations(ConfigInvoker.java:320)
at org.testng.internal.TestMethodWorker.invokeBeforeClassMethods(TestMethodWorker.java:176)
at org.testng.internal.TestMethodWorker.run(TestMethodWorker.java:122)
at java.base/java.util.ArrayList.forEach(ArrayList.java:1511)
at org.testng.TestRunner.privateRun(TestRunner.java:764)
at org.testng.TestRunner.run(TestRunner.java:585)
at org.testng.SuiteRunner.runTest(SuiteRunner.java:384)
at org.testng.SuiteRunner.runSequentially(SuiteRunner.java:378)
at org.testng.SuiteRunner.privateRun(SuiteRunner.java:337)
at org.testng.SuiteRunner.run(SuiteRunner.java:286)
at org.testng.SuiteRunnerWorker.runSuite(SuiteRunnerWorker.java:53)
at org.testng.SuiteRunnerWorker.run(SuiteRunnerWorker.java:96)
at org.testng.TestNG.runSuitesSequentially(TestNG.java:1218)
at org.testng.TestNG.runSuitesLocally(TestNG.java:1140)
at org.testng.TestNG.runSuites(TestNG.java:1069)
at org.testng.TestNG.run(TestNG.java:1037)
at org.testng.remote.AbstractRemoteTestNG.run(AbstractRemoteTestNG.java:115)
at org.testng.remote.RemoteTestNG.initAndRun(RemoteTestNG.java:251)
at org.testng.remote.RemoteTestNG.main(RemoteTestNG.java:77)
]]>
    </error>
  </testcase> <!-- initialization -->
  <system-out/>
  <testcase classname="File_Management_____Testcases.GIF_File___Full_RegressionTest" name="Upload_Gif" time="0.000">
    <skipped/>
  </testcase> <!-- Upload_Gif -->
  <system-out/>
  <testcase classname="File_Management_____Testcases.GIF_File___Full_RegressionTest" name="Handle_StickyNote___On_Gif" time="0.000">
    <skipped/>
  </testcase> <!-- Handle_StickyNote___On_Gif -->
  <system-out/>
  <testcase classname="File_Management_____Testcases.GIF_File___Full_RegressionTest" name="Handle_FreeText___On_Gif" time="0.000">
    <skipped/>
  </testcase> <!-- Handle_FreeText___On_Gif -->
  <system-out/>
  <testcase classname="File_Management_____Testcases.GIF_File___Full_RegressionTest" name="Handle_Circle___On_Gif" time="0.000">
    <skipped/>
  </testcase> <!-- Handle_Circle___On_Gif -->
  <system-out/>
  <testcase classname="File_Management_____Testcases.GIF_File___Full_RegressionTest" name="Handle_Arrow___On_Gif" time="0.000">
    <skipped/>
  </testcase> <!-- Handle_Arrow___On_Gif -->
  <system-out/>
  <testcase classname="File_Management_____Testcases.GIF_File___Full_RegressionTest" name="Handle_Underline___On_Gif" time="0.000">
    <skipped/>
  </testcase> <!-- Handle_Underline___On_Gif -->
  <system-out/>
  <testcase classname="File_Management_____Testcases.GIF_File___Full_RegressionTest" name="Handle_freeHand___On_Gif" time="0.000">
    <skipped/>
  </testcase> <!-- Handle_freeHand___On_Gif -->
  <system-out/>
  <testcase classname="File_Management_____Testcases.GIF_File___Full_RegressionTest" name="Handle_polyline___On_Gif" time="0.000">
    <skipped/>
  </testcase> <!-- Handle_polyline___On_Gif -->
  <system-out/>
  <testcase classname="File_Management_____Testcases.GIF_File___Full_RegressionTest" name="Handel_Polygone___On_Gif" time="0.000">
    <skipped/>
  </testcase> <!-- Handel_Polygone___On_Gif -->
  <system-out/>
  <testcase classname="File_Management_____Testcases.GIF_File___Full_RegressionTest" name="Urgent_Stamp___On_Gif" time="0.000">
    <skipped/>
  </testcase> <!-- Urgent_Stamp___On_Gif -->
  <system-out/>
  <testcase classname="File_Management_____Testcases.GIF_File___Full_RegressionTest" name="Approved_Stamp___On_Gif" time="0.000">
    <skipped/>
  </testcase> <!-- Approved_Stamp___On_Gif -->
  <system-out/>
  <testcase classname="File_Management_____Testcases.GIF_File___Full_RegressionTest" name="Draft_Stamp___On_Gif" time="0.000">
    <skipped/>
  </testcase> <!-- Draft_Stamp___On_Gif -->
  <system-out/>
  <testcase classname="File_Management_____Testcases.GIF_File___Full_RegressionTest" name="Signature_Stamp___On_Gif" time="0.000">
    <skipped/>
  </testcase> <!-- Signature_Stamp___On_Gif -->
  <system-out/>
  <testcase classname="File_Management_____Testcases.GIF_File___Full_RegressionTest" name="delete__Anotation___On_Gif" time="0.000">
    <skipped/>
  </testcase> <!-- delete__Anotation___On_Gif -->
  <system-out/>
</testsuite> <!-- File_Management_____Testcases.GIF_File___Full_RegressionTest -->
