<?xml version="1.0" encoding="UTF-8"?>
<!-- Generated by org.testng.reporters.JUnitReportReporter -->
<testsuite hostname="RAJENGUI" failures="0" tests="16" name="End_To_End____Test.ARender_Full_Fonction___onSmall_file" time="0.012" errors="1" timestamp="2020-10-20T14:18:18 WAT" skipped="15">
  <testcase classname="End_To_End____Test.ARender_Full_Fonction___onSmall_file" name="initialization" time="0.012">
    <error message="Cannot invoke &quot;Object.getClass()&quot; because &quot;object&quot; is null" type="java.lang.NullPointerException">
      <![CDATA[java.lang.NullPointerException: Cannot invoke "Object.getClass()" because "object" is null
at org.openqa.selenium.support.events.EventFiringWebDriver.extractInterfaces(EventFiringWebDriver.java:120)
at org.openqa.selenium.support.events.EventFiringWebDriver.<init>(EventFiringWebDriver.java:94)
at pageObject.TestBase.initialization(TestBase.java:95)
at java.base/jdk.internal.reflect.NativeMethodAccessorImpl.invoke0(Native Method)
at java.base/jdk.internal.reflect.NativeMethodAccessorImpl.invoke(NativeMethodAccessorImpl.java:62)
at java.base/jdk.internal.reflect.DelegatingMethodAccessorImpl.invoke(DelegatingMethodAccessorImpl.java:43)
at java.base/java.lang.reflect.Method.invoke(Method.java:564)
at org.testng.internal.MethodInvocationHelper.invokeMethod(MethodInvocationHelper.java:132)
at org.testng.internal.MethodInvocationHelper.invokeMethodConsideringTimeout(MethodInvocationHelper.java:61)
at org.testng.internal.ConfigInvoker.invokeConfigurationMethod(ConfigInvoker.java:366)
at org.testng.internal.ConfigInvoker.invokeConfigurations(ConfigInvoker.java:320)
at org.testng.internal.TestMethodWorker.invokeBeforeClassMethods(TestMethodWorker.java:176)
at org.testng.internal.TestMethodWorker.run(TestMethodWorker.java:122)
at java.base/java.util.ArrayList.forEach(ArrayList.java:1511)
at org.testng.TestRunner.privateRun(TestRunner.java:764)
at org.testng.TestRunner.run(TestRunner.java:585)
at org.testng.SuiteRunner.runTest(SuiteRunner.java:384)
at org.testng.SuiteRunner.runSequentially(SuiteRunner.java:378)
at org.testng.SuiteRunner.privateRun(SuiteRunner.java:337)
at org.testng.SuiteRunner.run(SuiteRunner.java:286)
at org.testng.SuiteRunnerWorker.runSuite(SuiteRunnerWorker.java:53)
at org.testng.SuiteRunnerWorker.run(SuiteRunnerWorker.java:96)
at org.testng.TestNG.runSuitesSequentially(TestNG.java:1218)
at org.testng.TestNG.runSuitesLocally(TestNG.java:1140)
at org.testng.TestNG.runSuites(TestNG.java:1069)
at org.testng.TestNG.run(TestNG.java:1037)
at org.testng.remote.AbstractRemoteTestNG.run(AbstractRemoteTestNG.java:115)
at org.testng.remote.RemoteTestNG.initAndRun(RemoteTestNG.java:251)
at org.testng.remote.RemoteTestNG.main(RemoteTestNG.java:77)
]]>
    </error>
  </testcase> <!-- initialization -->
  <system-out/>
  <testcase classname="End_To_End____Test.ARender_Full_Fonction___onSmall_file" name="Small_file____Upload" time="0.000">
    <skipped/>
  </testcase> <!-- Small_file____Upload -->
  <system-out/>
  <testcase classname="End_To_End____Test.ARender_Full_Fonction___onSmall_file" name="Brightness___onSmall_file" time="0.000">
    <skipped/>
  </testcase> <!-- Brightness___onSmall_file -->
  <system-out/>
  <testcase classname="End_To_End____Test.ARender_Full_Fonction___onSmall_file" name="navigation___onSmall_file" time="0.000">
    <skipped/>
  </testcase> <!-- navigation___onSmall_file -->
  <system-out/>
  <testcase classname="End_To_End____Test.ARender_Full_Fonction___onSmall_file" name="zoomIn___onSmall_file" time="0.000">
    <skipped/>
  </testcase> <!-- zoomIn___onSmall_file -->
  <system-out/>
  <testcase classname="End_To_End____Test.ARender_Full_Fonction___onSmall_file" name="zoomOut___onSmall_file" time="0.000">
    <skipped/>
  </testcase> <!-- zoomOut___onSmall_file -->
  <system-out/>
  <testcase classname="End_To_End____Test.ARender_Full_Fonction___onSmall_file" name="zoomIn_Zone___onSmall_file" time="0.000">
    <skipped/>
  </testcase> <!-- zoomIn_Zone___onSmall_file -->
  <system-out/>
  <testcase classname="End_To_End____Test.ARender_Full_Fonction___onSmall_file" name="zoomAdjust___onSmall_file" time="0.000">
    <skipped/>
  </testcase> <!-- zoomAdjust___onSmall_file -->
  <system-out/>
  <testcase classname="End_To_End____Test.ARender_Full_Fonction___onSmall_file" name="zoomTextBox___onSmall_file" time="0.000">
    <skipped/>
  </testcase> <!-- zoomTextBox___onSmall_file -->
  <system-out/>
  <testcase classname="End_To_End____Test.ARender_Full_Fonction___onSmall_file" name="Rotation___onSmall_file" time="0.000">
    <skipped/>
  </testcase> <!-- Rotation___onSmall_file -->
  <system-out/>
  <testcase classname="End_To_End____Test.ARender_Full_Fonction___onSmall_file" name="fullscreen___onSmall_file" time="0.000">
    <skipped/>
  </testcase> <!-- fullscreen___onSmall_file -->
  <system-out/>
  <testcase classname="End_To_End____Test.ARender_Full_Fonction___onSmall_file" name="ancre___onSmall_file" time="0.000">
    <skipped/>
  </testcase> <!-- ancre___onSmall_file -->
  <system-out/>
  <testcase classname="End_To_End____Test.ARender_Full_Fonction___onSmall_file" name="logoVersion___onSmall_file" time="0.000">
    <skipped/>
  </testcase> <!-- logoVersion___onSmall_file -->
  <system-out/>
  <testcase classname="End_To_End____Test.ARender_Full_Fonction___onSmall_file" name="Check_Print_allFiles_fonctions">
    <skipped/>
  </testcase> <!-- Check_Print_allFiles_fonctions -->
  <system-out/>
  <testcase classname="End_To_End____Test.ARender_Full_Fonction___onSmall_file" name="Check_Print_WithAnnotation_fonctions">
    <skipped/>
  </testcase> <!-- Check_Print_WithAnnotation_fonctions -->
  <system-out/>
  <testcase classname="End_To_End____Test.ARender_Full_Fonction___onSmall_file" name="Check_Print_WithoutAnnotation_fonctions">
    <skipped/>
  </testcase> <!-- Check_Print_WithoutAnnotation_fonctions -->
  <system-out/>
</testsuite> <!-- End_To_End____Test.ARender_Full_Fonction___onSmall_file -->
