<?xml version="1.0" encoding="UTF-8"?>
<!-- Generated by org.testng.reporters.JUnitReportReporter -->
<testsuite hostname="RAJENGUI" failures="0" tests="24" name="File_Management_____Testcases.Pdf_File___Full_RegressionTest" time="0.001" errors="1" timestamp="2020-10-20T14:18:18 WAT" skipped="23">
  <testcase classname="File_Management_____Testcases.Pdf_File___Full_RegressionTest" name="initialization" time="0.000">
    <error message="Cannot invoke &quot;Object.getClass()&quot; because &quot;object&quot; is null" type="java.lang.NullPointerException">
      <![CDATA[java.lang.NullPointerException: Cannot invoke "Object.getClass()" because "object" is null
at org.openqa.selenium.support.events.EventFiringWebDriver.extractInterfaces(EventFiringWebDriver.java:120)
at org.openqa.selenium.support.events.EventFiringWebDriver.<init>(EventFiringWebDriver.java:94)
at pageObject.TestBase.initialization(TestBase.java:95)
at java.base/jdk.internal.reflect.NativeMethodAccessorImpl.invoke0(Native Method)
at java.base/jdk.internal.reflect.NativeMethodAccessorImpl.invoke(NativeMethodAccessorImpl.java:62)
at java.base/jdk.internal.reflect.DelegatingMethodAccessorImpl.invoke(DelegatingMethodAccessorImpl.java:43)
at java.base/java.lang.reflect.Method.invoke(Method.java:564)
at org.testng.internal.MethodInvocationHelper.invokeMethod(MethodInvocationHelper.java:132)
at org.testng.internal.MethodInvocationHelper.invokeMethodConsideringTimeout(MethodInvocationHelper.java:61)
at org.testng.internal.ConfigInvoker.invokeConfigurationMethod(ConfigInvoker.java:366)
at org.testng.internal.ConfigInvoker.invokeConfigurations(ConfigInvoker.java:320)
at org.testng.internal.TestMethodWorker.invokeBeforeClassMethods(TestMethodWorker.java:176)
at org.testng.internal.TestMethodWorker.run(TestMethodWorker.java:122)
at java.base/java.util.ArrayList.forEach(ArrayList.java:1511)
at org.testng.TestRunner.privateRun(TestRunner.java:764)
at org.testng.TestRunner.run(TestRunner.java:585)
at org.testng.SuiteRunner.runTest(SuiteRunner.java:384)
at org.testng.SuiteRunner.runSequentially(SuiteRunner.java:378)
at org.testng.SuiteRunner.privateRun(SuiteRunner.java:337)
at org.testng.SuiteRunner.run(SuiteRunner.java:286)
at org.testng.SuiteRunnerWorker.runSuite(SuiteRunnerWorker.java:53)
at org.testng.SuiteRunnerWorker.run(SuiteRunnerWorker.java:96)
at org.testng.TestNG.runSuitesSequentially(TestNG.java:1218)
at org.testng.TestNG.runSuitesLocally(TestNG.java:1140)
at org.testng.TestNG.runSuites(TestNG.java:1069)
at org.testng.TestNG.run(TestNG.java:1037)
at org.testng.remote.AbstractRemoteTestNG.run(AbstractRemoteTestNG.java:115)
at org.testng.remote.RemoteTestNG.initAndRun(RemoteTestNG.java:251)
at org.testng.remote.RemoteTestNG.main(RemoteTestNG.java:77)
]]>
    </error>
  </testcase> <!-- initialization -->
  <system-out/>
  <testcase classname="File_Management_____Testcases.Pdf_File___Full_RegressionTest" name="PDF_File____Upload" time="0.000">
    <skipped/>
  </testcase> <!-- PDF_File____Upload -->
  <system-out/>
  <testcase classname="File_Management_____Testcases.Pdf_File___Full_RegressionTest" name="Handle_StickyNote___OnPDF" time="0.000">
    <skipped/>
  </testcase> <!-- Handle_StickyNote___OnPDF -->
  <system-out/>
  <testcase classname="File_Management_____Testcases.Pdf_File___Full_RegressionTest" name="Handle_FreeText___OnPdf" time="0.000">
    <skipped/>
  </testcase> <!-- Handle_FreeText___OnPdf -->
  <system-out/>
  <testcase classname="File_Management_____Testcases.Pdf_File___Full_RegressionTest" name="Handle_Circle___OnPdf" time="0.000">
    <skipped/>
  </testcase> <!-- Handle_Circle___OnPdf -->
  <system-out/>
  <testcase classname="File_Management_____Testcases.Pdf_File___Full_RegressionTest" name="Handle_Arrow___OnPdf" time="0.000">
    <skipped/>
  </testcase> <!-- Handle_Arrow___OnPdf -->
  <system-out/>
  <testcase classname="File_Management_____Testcases.Pdf_File___Full_RegressionTest" name="Handle_Underline___OnPdf" time="0.000">
    <skipped/>
  </testcase> <!-- Handle_Underline___OnPdf -->
  <system-out/>
  <testcase classname="File_Management_____Testcases.Pdf_File___Full_RegressionTest" name="Handle_freeHand___OnPDF" time="0.000">
    <skipped/>
  </testcase> <!-- Handle_freeHand___OnPDF -->
  <system-out/>
  <testcase classname="File_Management_____Testcases.Pdf_File___Full_RegressionTest" name="Handle_polyline___OnPDF" time="0.000">
    <skipped/>
  </testcase> <!-- Handle_polyline___OnPDF -->
  <system-out/>
  <testcase classname="File_Management_____Testcases.Pdf_File___Full_RegressionTest" name="Handel_Polygone___OnPDF" time="0.000">
    <skipped/>
  </testcase> <!-- Handel_Polygone___OnPDF -->
  <system-out/>
  <testcase classname="File_Management_____Testcases.Pdf_File___Full_RegressionTest" name="Urgent_Stamp___On_Pdf" time="0.000">
    <skipped/>
  </testcase> <!-- Urgent_Stamp___On_Pdf -->
  <system-out/>
  <testcase classname="File_Management_____Testcases.Pdf_File___Full_RegressionTest" name="Approved_Stamp___On_Pdf" time="0.000">
    <skipped/>
  </testcase> <!-- Approved_Stamp___On_Pdf -->
  <system-out/>
  <testcase classname="File_Management_____Testcases.Pdf_File___Full_RegressionTest" name="Draft_Stamp___On_pdf" time="0.000">
    <skipped/>
  </testcase> <!-- Draft_Stamp___On_pdf -->
  <system-out/>
  <testcase classname="File_Management_____Testcases.Pdf_File___Full_RegressionTest" name="Signature_Stamp___On_pdf" time="0.000">
    <skipped/>
  </testcase> <!-- Signature_Stamp___On_pdf -->
  <system-out/>
  <testcase classname="File_Management_____Testcases.Pdf_File___Full_RegressionTest" name="Free_Stamp___On_pdf" time="0.000">
    <skipped/>
  </testcase> <!-- Free_Stamp___On_pdf -->
  <system-out/>
  <testcase classname="File_Management_____Testcases.Pdf_File___Full_RegressionTest" name="Simple_Hide_Annotation_fonction_On_eml" time="0.001">
    <skipped/>
  </testcase> <!-- Simple_Hide_Annotation_fonction_On_eml -->
  <system-out/>
  <testcase classname="File_Management_____Testcases.Pdf_File___Full_RegressionTest" name="delete__Anotation___On_Pdf" time="0.000">
    <skipped/>
  </testcase> <!-- delete__Anotation___On_Pdf -->
  <system-out/>
  <testcase classname="File_Management_____Testcases.Pdf_File___Full_RegressionTest" name="Multiple_Hide_Annotation_fonction_On_eml" time="0.000">
    <skipped/>
  </testcase> <!-- Multiple_Hide_Annotation_fonction_On_eml -->
  <system-out/>
  <testcase classname="File_Management_____Testcases.Pdf_File___Full_RegressionTest" name="Download_PDF_File_via_eml" time="0.000">
    <skipped/>
  </testcase> <!-- Download_PDF_File_via_eml -->
  <system-out/>
  <testcase classname="File_Management_____Testcases.Pdf_File___Full_RegressionTest" name="DownloadAnnotation_FDF_File_via_eml" time="0.000">
    <skipped/>
  </testcase> <!-- DownloadAnnotation_FDF_File_via_eml -->
  <system-out/>
  <testcase classname="File_Management_____Testcases.Pdf_File___Full_RegressionTest" name="DownloadAnnotation_XFDF_File_via_eml" time="0.000">
    <skipped/>
  </testcase> <!-- DownloadAnnotation_XFDF_File_via_eml -->
  <system-out/>
  <testcase classname="File_Management_____Testcases.Pdf_File___Full_RegressionTest" name="Download_Document_withAnnotation_FDF_File_via_eml" time="0.000">
    <skipped/>
  </testcase> <!-- Download_Document_withAnnotation_FDF_File_via_eml -->
  <system-out/>
  <testcase classname="File_Management_____Testcases.Pdf_File___Full_RegressionTest" name="DownLoad_With_Annotation_CSV_File_via_eml" time="0.000">
    <skipped/>
  </testcase> <!-- DownLoad_With_Annotation_CSV_File_via_eml -->
  <system-out/>
  <testcase classname="File_Management_____Testcases.Pdf_File___Full_RegressionTest" name="Upload__File_via_eml" time="0.000">
    <skipped/>
  </testcase> <!-- Upload__File_via_eml -->
  <system-out/>
</testsuite> <!-- File_Management_____Testcases.Pdf_File___Full_RegressionTest -->
