<?xml version="1.0" encoding="UTF-8"?>
<!-- Generated by org.testng.reporters.JUnitReportReporter -->
<testsuite skipped="0" hostname="Hichem" name="StandAlone.Png_File_Full_RegressionTest" tests="33" failures="0" timestamp="2020-11-02T10:13:51 WAT" time="160.115" errors="2">
  <testcase name="tearDown" time="0.018" classname="StandAlone.Png_File_Full_RegressionTest">
    <error type="org.openqa.selenium.UnhandledAlertException" message="unexpected alert open: {Alert text : Voulez-vous enregistrer les annotations ?}
  (Session info: chrome=86.0.4240.111): Voulez-vous enregistrer les annotations ?
Build info: version: &#039;3.141.59&#039;, revision: &#039;e82be7d358&#039;, time: &#039;2018-11-14T08:17:03&#039;
System info: host: &#039;HICHEM&#039;, ip: &#039;192.168.198.1&#039;, os.name: &#039;Windows 10&#039;, os.arch: &#039;amd64&#039;, os.version: &#039;10.0&#039;, java.version: &#039;1.8.0_251&#039;
Driver info: org.openqa.selenium.chrome.ChromeDriver
Capabilities {acceptInsecureCerts: false, browserName: chrome, browserVersion: 86.0.4240.111, chrome: {chromedriverVersion: 85.0.4183.87 (cd6713ebf92fa..., userDataDir: C:\Users\Lenovo\AppData\Loc...}, goog:chromeOptions: {debuggerAddress: localhost:59613}, javascriptEnabled: true, networkConnectionEnabled: false, pageLoadStrategy: normal, platform: WINDOWS, platformName: WINDOWS, proxy: Proxy(), setWindowRect: true, strictFileInteractability: false, timeouts: {implicit: 0, pageLoad: 300000, script: 30000}, unhandledPromptBehavior: dismiss and notify, webauthn:virtualAuthenticators: true}
Session ID: 0a21782300ac7160295657923833e698">
      <![CDATA[org.openqa.selenium.UnhandledAlertException: unexpected alert open: {Alert text : Voulez-vous enregistrer les annotations ?}
  (Session info: chrome=86.0.4240.111): Voulez-vous enregistrer les annotations ?
Build info: version: '3.141.59', revision: 'e82be7d358', time: '2018-11-14T08:17:03'
System info: host: 'HICHEM', ip: '192.168.198.1', os.name: 'Windows 10', os.arch: 'amd64', os.version: '10.0', java.version: '1.8.0_251'
Driver info: org.openqa.selenium.chrome.ChromeDriver
Capabilities {acceptInsecureCerts: false, browserName: chrome, browserVersion: 86.0.4240.111, chrome: {chromedriverVersion: 85.0.4183.87 (cd6713ebf92fa..., userDataDir: C:\Users\Lenovo\AppData\Loc...}, goog:chromeOptions: {debuggerAddress: localhost:59613}, javascriptEnabled: true, networkConnectionEnabled: false, pageLoadStrategy: normal, platform: WINDOWS, platformName: WINDOWS, proxy: Proxy(), setWindowRect: true, strictFileInteractability: false, timeouts: {implicit: 0, pageLoad: 300000, script: 30000}, unhandledPromptBehavior: dismiss and notify, webauthn:virtualAuthenticators: true}
Session ID: 0a21782300ac7160295657923833e698
at org.openqa.selenium.remote.http.W3CHttpResponseCodec.decode(W3CHttpResponseCodec.java:120)
at org.openqa.selenium.remote.http.W3CHttpResponseCodec.decode(W3CHttpResponseCodec.java:49)
at org.openqa.selenium.remote.HttpCommandExecutor.execute(HttpCommandExecutor.java:158)
at org.openqa.selenium.remote.service.DriverCommandExecutor.execute(DriverCommandExecutor.java:83)
at org.openqa.selenium.remote.RemoteWebDriver.execute(RemoteWebDriver.java:552)
at org.openqa.selenium.remote.RemoteWebDriver.execute(RemoteWebDriver.java:609)
at org.openqa.selenium.remote.RemoteWebDriver.close(RemoteWebDriver.java:442)
at sun.reflect.NativeMethodAccessorImpl.invoke0(Native Method)
at sun.reflect.NativeMethodAccessorImpl.invoke(Unknown Source)
at sun.reflect.DelegatingMethodAccessorImpl.invoke(Unknown Source)
at java.lang.reflect.Method.invoke(Unknown Source)
at org.openqa.selenium.support.events.EventFiringWebDriver.lambda$new$1(EventFiringWebDriver.java:105)
at com.sun.proxy.$Proxy7.close(Unknown Source)
at org.openqa.selenium.support.events.EventFiringWebDriver.close(EventFiringWebDriver.java:206)
at pageObject.TestBase.tearDown(TestBase.java:105)
at sun.reflect.NativeMethodAccessorImpl.invoke0(Native Method)
at sun.reflect.NativeMethodAccessorImpl.invoke(Unknown Source)
at sun.reflect.DelegatingMethodAccessorImpl.invoke(Unknown Source)
at java.lang.reflect.Method.invoke(Unknown Source)
at org.testng.internal.MethodInvocationHelper.invokeMethod(MethodInvocationHelper.java:135)
at org.testng.internal.MethodInvocationHelper.invokeMethodConsideringTimeout(MethodInvocationHelper.java:64)
at org.testng.internal.ConfigInvoker.invokeConfigurationMethod(ConfigInvoker.java:364)
at org.testng.internal.ConfigInvoker.invokeConfigurations(ConfigInvoker.java:318)
at org.testng.internal.TestMethodWorker.invokeAfterClassMethods(TestMethodWorker.java:217)
at org.testng.internal.TestMethodWorker.run(TestMethodWorker.java:130)
at java.util.ArrayList.forEach(Unknown Source)
at org.testng.TestRunner.privateRun(TestRunner.java:767)
at org.testng.TestRunner.run(TestRunner.java:588)
at org.testng.SuiteRunner.runTest(SuiteRunner.java:384)
at org.testng.SuiteRunner.runSequentially(SuiteRunner.java:378)
at org.testng.SuiteRunner.privateRun(SuiteRunner.java:337)
at org.testng.SuiteRunner.run(SuiteRunner.java:286)
at org.testng.SuiteRunnerWorker.runSuite(SuiteRunnerWorker.java:53)
at org.testng.SuiteRunnerWorker.run(SuiteRunnerWorker.java:96)
at org.testng.TestNG.runSuitesSequentially(TestNG.java:1214)
at org.testng.TestNG.runSuitesLocally(TestNG.java:1136)
at org.testng.TestNG.runSuites(TestNG.java:1066)
at org.testng.TestNG.run(TestNG.java:1034)
at org.testng.remote.AbstractRemoteTestNG.run(AbstractRemoteTestNG.java:115)
at org.testng.remote.RemoteTestNG.initAndRun(RemoteTestNG.java:251)
at org.testng.remote.RemoteTestNG.main(RemoteTestNG.java:77)
]]>
    </error>
  </testcase> <!-- tearDown -->
  <system-out/>
  <testcase name="Upload_png_File" time="4.896" classname="StandAlone.Png_File_Full_RegressionTest"/>
  <system-out/>
  <testcase name="Handle_StickyNote_On_png" time="3.722" classname="StandAlone.Png_File_Full_RegressionTest"/>
  <system-out/>
  <testcase name="Handle_FreeText_On_png" time="3.043" classname="StandAlone.Png_File_Full_RegressionTest"/>
  <system-out/>
  <testcase name="Handle_Circle___On_png" time="5.319" classname="StandAlone.Png_File_Full_RegressionTest"/>
  <system-out/>
  <testcase name="Handle_Arrow_On_png" time="20.574" classname="StandAlone.Png_File_Full_RegressionTest"/>
  <system-out/>
  <testcase name="Handle_Underline_On_png" time="5.535" classname="StandAlone.Png_File_Full_RegressionTest"/>
  <system-out/>
  <testcase name="Handle_freeHand_On_png" time="2.666" classname="StandAlone.Png_File_Full_RegressionTest"/>
  <system-out/>
  <testcase name="Handle_polyline_On_png" time="5.099" classname="StandAlone.Png_File_Full_RegressionTest"/>
  <system-out/>
  <testcase name="Handel_Polygone_On_png" time="5.109" classname="StandAlone.Png_File_Full_RegressionTest"/>
  <system-out/>
  <testcase name="Urgent_Stamp_On_png" time="3.453" classname="StandAlone.Png_File_Full_RegressionTest"/>
  <system-out/>
  <testcase name="Approved_Stamp_On_png" time="2.812" classname="StandAlone.Png_File_Full_RegressionTest"/>
  <system-out/>
  <testcase name="Draft_Stamp_On_png" time="3.551" classname="StandAlone.Png_File_Full_RegressionTest"/>
  <system-out/>
  <testcase name="Signature_Stamp_On_png" time="3.546" classname="StandAlone.Png_File_Full_RegressionTest"/>
  <system-out/>
  <testcase name="Free_Stamp_On_png" time="4.351" classname="StandAlone.Png_File_Full_RegressionTest"/>
  <system-out/>
  <testcase name="delete_Anotation_On_png" time="3.128" classname="StandAlone.Png_File_Full_RegressionTest"/>
  <system-out/>
  <testcase name="Refresh_After_Delete_Anotation_On_png" time="20.295" classname="StandAlone.Png_File_Full_RegressionTest"/>
  <system-out/>
  <testcase name="SAVE_DATA_ON_png" time="1.443" classname="StandAlone.Png_File_Full_RegressionTest"/>
  <system-out/>
  <testcase name="Refresh_After_Save_Anotation_On_png" time="0.201" classname="StandAlone.Png_File_Full_RegressionTest"/>
  <system-out/>
  <testcase name="Add_a_Signet_On_png" time="5.162" classname="StandAlone.Png_File_Full_RegressionTest"/>
  <system-out/>
  <testcase name="Delete_a_Signet_On_png" time="4.462" classname="StandAlone.Png_File_Full_RegressionTest"/>
  <system-out/>
  <testcase name="ADD_AN_ANCRE_On_png" time="21.606" classname="StandAlone.Png_File_Full_RegressionTest"/>
  <system-out/>
  <testcase name="SKIP_AN_ANCRE_On_png" time="21.301" classname="StandAlone.Png_File_Full_RegressionTest"/>
  <system-out/>
  <testcase name="ZoomIn_On_png" time="1.395" classname="StandAlone.Png_File_Full_RegressionTest"/>
  <system-out/>
  <testcase name="ZoomOut_On_png" time="0.799" classname="StandAlone.Png_File_Full_RegressionTest"/>
  <system-out/>
  <testcase name="ZoomInZone_On_png" time="0.670" classname="StandAlone.Png_File_Full_RegressionTest"/>
  <system-out/>
  <testcase name="Zoom_Adjust_On_png" time="0.737" classname="StandAlone.Png_File_Full_RegressionTest"/>
  <system-out/>
  <testcase name="Zoom_Text_Box_Control_On_png" time="2.501" classname="StandAlone.Png_File_Full_RegressionTest"/>
  <system-out/>
  <testcase name="Left_Rotation_Control_On_png" time="0.579" classname="StandAlone.Png_File_Full_RegressionTest"/>
  <system-out/>
  <testcase name="Right_Rotation_Control_On_png" time="0.585" classname="StandAlone.Png_File_Full_RegressionTest"/>
  <system-out/>
  <testcase name="Activate_Multiview_On_png" time="0.576" classname="StandAlone.Png_File_Full_RegressionTest"/>
  <system-out/>
  <testcase name="Desactivate_Multiview_On_png" time="0.071" classname="StandAlone.Png_File_Full_RegressionTest"/>
  <system-out/>
  <testcase name="Multi_Multiview_On_png" time="0.910" classname="StandAlone.Png_File_Full_RegressionTest">
    <error type="java.lang.NullPointerException">
      <![CDATA[java.lang.NullPointerException
at EndToEnd.MultiviewTest.Multi_Activate_Multiview(MultiviewTest.java:55)
at StandAlone.Png_File_Full_RegressionTest.Multi_Multiview_On_png(Png_File_Full_RegressionTest.java:357)
at sun.reflect.NativeMethodAccessorImpl.invoke0(Native Method)
at sun.reflect.NativeMethodAccessorImpl.invoke(Unknown Source)
at sun.reflect.DelegatingMethodAccessorImpl.invoke(Unknown Source)
at java.lang.reflect.Method.invoke(Unknown Source)
at org.testng.internal.MethodInvocationHelper.invokeMethod(MethodInvocationHelper.java:135)
at org.testng.internal.TestInvoker.invokeMethod(TestInvoker.java:598)
at org.testng.internal.TestInvoker.invokeTestMethod(TestInvoker.java:174)
at org.testng.internal.MethodRunner.runInSequence(MethodRunner.java:46)
at org.testng.internal.TestInvoker$MethodInvocationAgent.invoke(TestInvoker.java:821)
at org.testng.internal.TestInvoker.invokeTestMethods(TestInvoker.java:147)
at org.testng.internal.TestMethodWorker.invokeTestMethods(TestMethodWorker.java:146)
at org.testng.internal.TestMethodWorker.run(TestMethodWorker.java:128)
at java.util.ArrayList.forEach(Unknown Source)
at org.testng.TestRunner.privateRun(TestRunner.java:767)
at org.testng.TestRunner.run(TestRunner.java:588)
at org.testng.SuiteRunner.runTest(SuiteRunner.java:384)
at org.testng.SuiteRunner.runSequentially(SuiteRunner.java:378)
at org.testng.SuiteRunner.privateRun(SuiteRunner.java:337)
at org.testng.SuiteRunner.run(SuiteRunner.java:286)
at org.testng.SuiteRunnerWorker.runSuite(SuiteRunnerWorker.java:53)
at org.testng.SuiteRunnerWorker.run(SuiteRunnerWorker.java:96)
at org.testng.TestNG.runSuitesSequentially(TestNG.java:1214)
at org.testng.TestNG.runSuitesLocally(TestNG.java:1136)
at org.testng.TestNG.runSuites(TestNG.java:1066)
at org.testng.TestNG.run(TestNG.java:1034)
at org.testng.remote.AbstractRemoteTestNG.run(AbstractRemoteTestNG.java:115)
at org.testng.remote.RemoteTestNG.initAndRun(RemoteTestNG.java:251)
at org.testng.remote.RemoteTestNG.main(RemoteTestNG.java:77)
]]>
    </error>
  </testcase> <!-- Multi_Multiview_On_png -->
  <system-out/>
</testsuite> <!-- StandAlone.Png_File_Full_RegressionTest -->
